#
# There is insufficient memory for the Java Runtime Environment to continue.
# Native memory allocation (mmap) failed to map 266338304 bytes for G1 virtual space
# Possible reasons:
#   The system is out of physical RAM or swap space
#   The process is running with CompressedOops enabled, and the Java Heap may be blocking the growth of the native heap
# Possible solutions:
#   Reduce memory load on the system
#   Increase physical memory or swap space
#   Check if swap backing store is full
#   Decrease Java heap size (-Xmx/-Xms)
#   Decrease number of Java threads
#   Decrease Java thread stack sizes (-Xss)
#   Set larger code cache with -XX:ReservedCodeCacheSize=
#   JVM is running with Zero Based Compressed Oops mode in which the Java heap is
#     placed in the first 32GB address space. The Java Heap base address is the
#     maximum limit for the native heap growth. Please use -XX:HeapBaseMinAddress
#     to set the Java Heap base and to place the Java Heap above 32GB virtual address.
# This output file may be truncated or incomplete.
#
#  Out of Memory Error (./open/src/hotspot/os/windows/os_windows.cpp:3321), pid=33620, tid=6796
#
# JRE version:  (15.0.2+7) (build )
# Java VM: OpenJDK 64-Bit Server VM (15.0.2+7-27, mixed mode, sharing, tiered, compressed oops, g1 gc, windows-amd64)
# No core dump will be written. Minidumps are not enabled by default on client versions of Windows
#

---------------  S U M M A R Y ------------

Command Line: -ea -Dfile.encoding=Cp1252 -XX:+ShowCodeDetailsInExceptionMessages org.testng.remote.RemoteTestNG -serport 62263 -protocol json -d D:\Eclipse-WorkSpace\eclipse-workspace\IEQACode\test-output C:\Users\User\AppData\Local\Temp\testng-eclipse--1576920654\testng-customsuite.xml

Host: Intel(R) Core(TM) i5-10210U CPU @ 1.60GHz, 8 cores, 15G,  Windows 10 , 64 bit Build 19041 (10.0.19041.1503)
Time: Tue Mar 22 16:52:37 2022 Pakistan Standard Time elapsed time: 0.012402 seconds (0d 0h 0m 0s)

---------------  T H R E A D  ---------------

Current thread (0x000001630e84d670):  JavaThread "Unknown thread" [_thread_in_vm, id=6796, stack(0x00000059b3900000,0x00000059b3a00000)]

Stack: [0x00000059b3900000,0x00000059b3a00000]
Native frames: (J=compiled Java code, j=interpreted, Vv=VM code, C=native code)
V  [jvm.dll+0x62ae9a]
V  [jvm.dll+0x7817a9]
V  [jvm.dll+0x782f03]
V  [jvm.dll+0x783563]
V  [jvm.dll+0x216325]
V  [jvm.dll+0x6281d9]
V  [jvm.dll+0x61cf55]
V  [jvm.dll+0x2cffdd]
V  [jvm.dll+0x2cfe42]
V  [jvm.dll+0x2d5e1c]
V  [jvm.dll+0x32590a]
V  [jvm.dll+0x324fd4]
V  [jvm.dll+0x2a6f5a]
V  [jvm.dll+0x2a80f8]
V  [jvm.dll+0x75e241]
V  [jvm.dll+0x3341c4]
V  [jvm.dll+0x73e926]
V  [jvm.dll+0x3b7557]
V  [jvm.dll+0x3b8fe1]
C  [jli.dll+0x52fb]
C  [ucrtbase.dll+0x21bb2]
C  [KERNEL32.DLL+0x17034]
C  [ntdll.dll+0x52651]


---------------  P R O C E S S  ---------------

Threads class SMR info:
_java_thread_list=0x00007ff98c474ff0, length=0, elements={
}

Java Threads: ( => current thread )

Other Threads:
  0x000001630e89cf00 GCTaskThread "GC Thread#0" [stack: 0x00000059b3a00000,0x00000059b3b00000] [id=21848]
  0x000001630e8af500 ConcurrentGCThread "G1 Main Marker" [stack: 0x00000059b3b00000,0x00000059b3c00000] [id=38516]
  0x000001630e8b1100 ConcurrentGCThread "G1 Conc#0" [stack: 0x00000059b3c00000,0x00000059b3d00000] [id=20816]

[error occurred during error reporting (printing all threads), id 0xc0000005, EXCEPTION_ACCESS_VIOLATION (0xc0000005) at pc=0x00007ff98bc67e27]

VM state: not at safepoint (not fully initialized)

VM Mutex/Monitor currently owned by a thread:  ([mutex/lock_event])
[0x000001630e847740] Heap_lock - owner thread: 0x000001630e84d670

Heap address: 0x0000000703000000, size: 4048 MB, Compressed Oops mode: Zero based, Oop shift amount: 3
CDS archive(s) mapped at: [0x0000000000000000-0x0000000000000000-0x0000000000000000), size 0, SharedBaseAddress: 0x0000000800000000, ArchiveRelocationMode: 0.
Narrow klass base: 0x0000000000000000, Narrow klass shift: 0, Narrow klass range: 0x0

Heap:
 garbage-first heap   total 260096K, used 0K [0x0000000703000000, 0x0000000800000000)
  region size 2048K, 0 young (0K), 0 survivors (0K)
 Metaspace       used 0K, capacity 0K, committed 0K, reserved 0K
  class space    used 0K, capacity 0K, committed 0K, reserved 0K

Heap Regions: E=young(eden), S=young(survivor), O=old, HS=humongous(starts), HC=humongous(continues), CS=collection set, F=free, OA=open archive, CA=closed archive, TAMS=top-at-mark-start (previous, next)

Card table byte_map: [0x0000016323c90000,0x0000016324480000] _byte_map_base: 0x0000016320478000

Marking Bits (Prev, Next): (CMBitMap*) 0x000001630e89e700, (CMBitMap*) 0x000001630e89e740
 Prev Bits: [0x0000016324c70000, 0x0000016328bb0000)
 Next Bits: [0x0000016328bb0000, 0x000001632caf0000)

GC Heap History (0 events):
No events

Deoptimization events (0 events):
No events

Classes unloaded (0 events):
No events

Classes redefined (0 events):
No events

Internal exceptions (0 events):
No events

Events (1 events):
Event: 0.007 Loaded shared library C:\Users\User\.p2\pool\plugins\org.eclipse.justj.openjdk.hotspot.jre.full.win32.x86_64_15.0.2.v20210201-0955\jre\bin\java.dll


Dynamic libraries:
0x00007ff681730000 - 0x00007ff68173d000 	C:\Users\User\.p2\pool\plugins\org.eclipse.justj.openjdk.hotspot.jre.full.win32.x86_64_15.0.2.v20210201-0955\jre\bin\javaw.exe
0x00007ffa0ee50000 - 0x00007ffa0f045000 	C:\Windows\SYSTEM32\ntdll.dll
0x00007ffa0ce70000 - 0x00007ffa0cf2e000 	C:\Windows\System32\KERNEL32.DLL
0x00007ffa0ca70000 - 0x00007ffa0cd38000 	C:\Windows\System32\KERNELBASE.dll
0x00007ffa0c7f0000 - 0x00007ffa0c8f0000 	C:\Windows\System32\ucrtbase.dll
0x00007ffa06eb0000 - 0x00007ffa06ec8000 	C:\Users\User\.p2\pool\plugins\org.eclipse.justj.openjdk.hotspot.jre.full.win32.x86_64_15.0.2.v20210201-0955\jre\bin\jli.dll
0x00007ffa04c80000 - 0x00007ffa04c99000 	C:\Users\User\.p2\pool\plugins\org.eclipse.justj.openjdk.hotspot.jre.full.win32.x86_64_15.0.2.v20210201-0955\jre\bin\VCRUNTIME140.dll
0x00007ffa0e0f0000 - 0x00007ffa0e290000 	C:\Windows\System32\USER32.dll
0x00007ffa0c920000 - 0x00007ffa0c942000 	C:\Windows\System32\win32u.dll
0x00007ff9f4a70000 - 0x00007ff9f4d0a000 	C:\Windows\WinSxS\amd64_microsoft.windows.common-controls_6595b64144ccf1df_6.0.19041.1110_none_60b5254171f9507e\COMCTL32.dll
0x00007ffa0dd60000 - 0x00007ffa0dd8b000 	C:\Windows\System32\GDI32.dll
0x00007ffa0ec50000 - 0x00007ffa0ecee000 	C:\Windows\System32\msvcrt.dll
0x00007ffa0c530000 - 0x00007ffa0c63d000 	C:\Windows\System32\gdi32full.dll
0x00007ffa0cd40000 - 0x00007ffa0cddd000 	C:\Windows\System32\msvcp_win.dll
0x00007ffa0d1c0000 - 0x00007ffa0d1f0000 	C:\Windows\System32\IMM32.DLL
0x00007ffa081b0000 - 0x00007ffa081bc000 	C:\Users\User\.p2\pool\plugins\org.eclipse.justj.openjdk.hotspot.jre.full.win32.x86_64_15.0.2.v20210201-0955\jre\bin\vcruntime140_1.dll
0x00007ff9e5c40000 - 0x00007ff9e5cd1000 	C:\Users\User\.p2\pool\plugins\org.eclipse.justj.openjdk.hotspot.jre.full.win32.x86_64_15.0.2.v20210201-0955\jre\bin\msvcp140.dll
0x00007ff98b9b0000 - 0x00007ff98c50e000 	C:\Users\User\.p2\pool\plugins\org.eclipse.justj.openjdk.hotspot.jre.full.win32.x86_64_15.0.2.v20210201-0955\jre\bin\server\jvm.dll
0x00007ffa0dc50000 - 0x00007ffa0dcfe000 	C:\Windows\System32\ADVAPI32.dll
0x00007ffa0ebb0000 - 0x00007ffa0ec4c000 	C:\Windows\System32\sechost.dll
0x00007ffa0e380000 - 0x00007ffa0e4a5000 	C:\Windows\System32\RPCRT4.dll
0x00007ffa0dbd0000 - 0x00007ffa0dbd8000 	C:\Windows\System32\PSAPI.DLL
0x00007ff9f1280000 - 0x00007ff9f12a7000 	C:\Windows\SYSTEM32\WINMM.dll
0x00007ff9f4920000 - 0x00007ff9f4929000 	C:\Windows\SYSTEM32\WSOCK32.dll
0x00007ffa06520000 - 0x00007ffa0652a000 	C:\Windows\SYSTEM32\VERSION.dll
0x00007ffa0dbe0000 - 0x00007ffa0dc4b000 	C:\Windows\System32\WS2_32.dll
0x00007ffa0a3e0000 - 0x00007ffa0a3f2000 	C:\Windows\SYSTEM32\kernel.appcore.dll
0x00007ff9fd290000 - 0x00007ff9fd29a000 	C:\Users\User\.p2\pool\plugins\org.eclipse.justj.openjdk.hotspot.jre.full.win32.x86_64_15.0.2.v20210201-0955\jre\bin\jimage.dll
0x00007ff9fc890000 - 0x00007ff9fca74000 	C:\Windows\SYSTEM32\DBGHELP.DLL
0x00007ff9f4150000 - 0x00007ff9f417c000 	C:\Windows\SYSTEM32\dbgcore.DLL
0x00007ffa0cde0000 - 0x00007ffa0ce62000 	C:\Windows\System32\bcryptPrimitives.dll
0x00007ff9fd100000 - 0x00007ff9fd125000 	C:\Users\User\.p2\pool\plugins\org.eclipse.justj.openjdk.hotspot.jre.full.win32.x86_64_15.0.2.v20210201-0955\jre\bin\java.dll

dbghelp: loaded successfully - version: 4.0.5 - missing functions: none
symbol engine: initialized successfully - sym options: 0x614 - pdb path: .;C:\Users\User\.p2\pool\plugins\org.eclipse.justj.openjdk.hotspot.jre.full.win32.x86_64_15.0.2.v20210201-0955\jre\bin;C:\Windows\SYSTEM32;C:\Windows\WinSxS\amd64_microsoft.windows.common-controls_6595b64144ccf1df_6.0.19041.1110_none_60b5254171f9507e;C:\Users\User\.p2\pool\plugins\org.eclipse.justj.openjdk.hotspot.jre.full.win32.x86_64_15.0.2.v20210201-0955\jre\bin\server

VM Arguments:
jvm_args: -ea -Dfile.encoding=Cp1252 -XX:+ShowCodeDetailsInExceptionMessages 
java_command: org.testng.remote.RemoteTestNG -serport 62263 -protocol json -d D:\Eclipse-WorkSpace\eclipse-workspace\IEQACode\test-output C:\Users\User\AppData\Local\Temp\testng-eclipse--1576920654\testng-customsuite.xml
java_class_path (initial): D:\Program Files\Java-2020-12\eclipse\configuration\org.eclipse.osgi\443\0\.cp\lib\testng-remote.jar;D:\Eclipse-WorkSpace\eclipse-workspace\IEQACode\target\test-classes;D:\Eclipse-WorkSpace\eclipse-workspace\IEQACode\target\classes;C:\Users\User\.p2\pool\plugins\org.testng_7.3.0.r202008060316.jar;C:\Users\User\.p2\pool\plugins\com.beust.jcommander_1.78.0.jar;C:\Users\User\.p2\pool\plugins\org.apache-extras.beanshell.bsh_2.0.0.b6.jar;C:\Users\User\.p2\pool\plugins\org.yaml.snakeyaml_1.21.0.jar;D:\Softwares Setup Files\Rest_Assured\commons-codec-1.9.jar;D:\Softwares Setup Files\Rest_Assured\commons-lang3-3.4.jar;D:\Softwares Setup Files\Rest_Assured\commons-logging-1.2.jar;D:\Softwares Setup Files\Rest_Assured\groovy-3.0.3.jar;D:\Softwares Setup Files\Rest_Assured\groovy-json-3.0.3.jar;D:\Softwares Setup Files\Rest_Assured\groovy-xml-3.0.3.jar;D:\Softwares Setup Files\Rest_Assured\hamcrest-2.1.jar;D:\Softwares Setup Files\Rest_Assured\httpclient-4.5.3.jar;D:\Softwares Setup Files\Rest_Assured\httpcore-4.4.6.jar;D:\Softwares Setup Files\Rest_Assured\httpmime-4.5.3.jar;D:\Softwares Setup Files\Rest_Assured\jakarta.activation-api-1.2.2.jar;D:\Softwares Setup Files\Rest_Assured\jakarta.xml.bind-api-2.3.3.jar;D:\Softwares Setup Files\Rest_Assured\jaxb-impl-2.3.3.jar;D:\Softwares Setup Files\Rest_Assured\json-path-4.3.1.jar;D:\Softwares Setup Files\Rest_Assured\rest-assured-4.3.1.jar;D:\Softwares Setup Files\Rest_Assured\rest-assured-common-4.3.1.jar;D:\Softwares Setup Files\Rest_Assured\tagsoup-1.2.1.jar;D:\Softwares Setup Files\Rest_Assured\xml-path-4.3.1.jar;C:\Users\User\Downloads\Microsoft JDBC Driver 6.0 for SQL Server\sqljdbc_6.0\enu\jre8\sqljdbc42.jar;C:\Users\User\.m2\repository\org\seleniumhq\selenium\selenium-remote-driver\4.1.2\selenium-remote-driver-4.1.2.jar;C:\Users\User\.m2\repository\junit\junit\4.11\junit-4.11.jar;C:\Users\User\.m2\repository\org\hamcrest\hamcrest-core\1.3\hamcrest-core-1.3.jar;C:\Users\User\.m2\repository\org\
Launcher Type: SUN_STANDARD

[Global flags]
     intx CICompilerCount                          = 4                                         {product} {ergonomic}
     uint ConcGCThreads                            = 2                                         {product} {ergonomic}
     uint G1ConcRefinementThreads                  = 8                                         {product} {ergonomic}
   size_t G1HeapRegionSize                         = 2097152                                   {product} {ergonomic}
    uintx GCDrainStackTargetSize                   = 64                                        {product} {ergonomic}
   size_t InitialHeapSize                          = 266338304                                 {product} {ergonomic}
   size_t MarkStackSize                            = 4194304                                   {product} {ergonomic}
   size_t MaxHeapSize                              = 4244635648                                {product} {ergonomic}
   size_t MinHeapDeltaBytes                        = 2097152                                   {product} {ergonomic}
   size_t MinHeapSize                              = 8388608                                   {product} {ergonomic}
    uintx NonNMethodCodeHeapSize                   = 5839372                                {pd product} {ergonomic}
    uintx NonProfiledCodeHeapSize                  = 122909434                              {pd product} {ergonomic}
    uintx ProfiledCodeHeapSize                     = 122909434                              {pd product} {ergonomic}
    uintx ReservedCodeCacheSize                    = 251658240                              {pd product} {ergonomic}
     bool SegmentedCodeCache                       = true                                      {product} {ergonomic}
     bool ShowCodeDetailsInExceptionMessages       = true                                   {manageable} {command line}
   size_t SoftMaxHeapSize                          = 4244635648                             {manageable} {ergonomic}
     bool UseCompressedClassPointers               = true                                 {lp64_product} {ergonomic}
     bool UseCompressedOops                        = true                                 {lp64_product} {ergonomic}
     bool UseG1GC                                  = true                                      {product} {ergonomic}
     bool UseLargePagesIndividualAllocation        = false                                  {pd product} {ergonomic}

Logging:
Log output configuration:
 #0: stdout all=warning uptime,level,tags
 #1: stderr all=off uptime,level,tags

Environment Variables:
PATH=C:/Users/User/.p2/pool/plugins/org.eclipse.justj.openjdk.hotspot.jre.full.win32.x86_64_15.0.2.v20210201-0955/jre/bin/server;C:/Users/User/.p2/pool/plugins/org.eclipse.justj.openjdk.hotspot.jre.full.win32.x86_64_15.0.2.v20210201-0955/jre/bin;C:\Program Files (x86)\Common Files\Oracle\Java\javapath;C:\Windows\system32;C:\Windows;C:\Windows\System32\Wbem;C:\Windows\System32\WindowsPowerShell\v1.0\;C:\Windows\System32\OpenSSH\;C:\Program Files\Git\cmd;C:\Program Files\Microsoft SQL Server\Client SDK\ODBC\110\Tools\Binn\;C:\Program Files (x86)\Microsoft SQL Server\120\Tools\Binn\ManagementStudio\;C:\Program Files (x86)\Microsoft SQL Server\120\Tools\Binn\;C:\Program Files\Microsoft SQL Server\120\Tools\Binn\;C:\Program Files (x86)\Microsoft SQL Server\120\DTS\Binn\;C:\Program Files\Microsoft SQL Server\120\DTS\Binn\;C:\Program Files\nodejs\;C:\Program Files\PuTTY\;C:\Program Files\Docker\Docker\resources\bin;C:\ProgramData\DockerDesktop\version-bin;C:\Users\User\AppData\Local\Programs\Python\Python310\Scripts\;C:\Users\User\AppData\Local\Programs\Python\Python310\;C:\Users\User\AppData\Local\Microsoft\WindowsApps;;D:\Program Files\Microsoft VS Code\bin;C:\Users\User\AppData\Local\Programs\Fiddler;C:\Users\User\AppData\Roaming\npm;C:\Users\User\Desktop;
USERNAME=User
OS=Windows_NT
PROCESSOR_IDENTIFIER=Intel64 Family 6 Model 142 Stepping 12, GenuineIntel



---------------  S Y S T E M  ---------------

OS:
 Windows 10 , 64 bit Build 19041 (10.0.19041.1503)
OS uptime: 13 days 5:09 hours
HyperV virtualization detected

CPU: total 8 (initial active 8) (4 cores per cpu, 2 threads per core) family 6 model 142 stepping 12 microcode 0xd6, cmov, cx8, fxsr, mmx, sse, sse2, sse3, ssse3, sse4.1, sse4.2, popcnt, vzeroupper, avx, avx2, aes, clmul, erms, 3dnowpref, lzcnt, ht, tsc, tscinvbit, bmi1, bmi2, adx, fma, clflush, clflushopt

Memory: 4k page, system-wide physical 16190M (1472M free)
TotalPageFile size 41111M (AvailPageFile size 32M)
current process WorkingSet (physical memory assigned to process): 10M, peak: 10M
current process commit charge ("private bytes"): 60M, peak: 314M

vm_info: OpenJDK 64-Bit Server VM (15.0.2+7-27) for windows-amd64 JRE (15.0.2+7-27), built on Dec  7 2020 20:02:38 by "mach5one" with unknown MS VC++:1925

END.
