#
# There is insufficient memory for the Java Runtime Environment to continue.
# Native memory allocation (malloc) failed to allocate 80096 bytes for Chunk::new
# Possible reasons:
#   The system is out of physical RAM or swap space
#   The process is running with CompressedOops enabled, and the Java Heap may be blocking the growth of the native heap
# Possible solutions:
#   Reduce memory load on the system
#   Increase physical memory or swap space
#   Check if swap backing store is full
#   Decrease Java heap size (-Xmx/-Xms)
#   Decrease number of Java threads
#   Decrease Java thread stack sizes (-Xss)
#   Set larger code cache with -XX:ReservedCodeCacheSize=
#   JVM is running with Zero Based Compressed Oops mode in which the Java heap is
#     placed in the first 32GB address space. The Java Heap base address is the
#     maximum limit for the native heap growth. Please use -XX:HeapBaseMinAddress
#     to set the Java Heap base and to place the Java Heap above 32GB virtual address.
# This output file may be truncated or incomplete.
#
#  Out of Memory Error (./open/src/hotspot/share/memory/arena.cpp:195), pid=15704, tid=39524
#
# JRE version: OpenJDK Runtime Environment (15.0.2+7) (build 15.0.2+7-27)
# Java VM: OpenJDK 64-Bit Server VM (15.0.2+7-27, mixed mode, tiered, compressed oops, g1 gc, windows-amd64)
# No core dump will be written. Minidumps are not enabled by default on client versions of Windows
#

---------------  S U M M A R Y ------------

Command Line: -ea -Dfile.encoding=Cp1252 -XX:+ShowCodeDetailsInExceptionMessages org.testng.remote.RemoteTestNG -serport 61906 -protocol json -d D:\Eclipse-WorkSpace\eclipse-workspace\IEQACode\test-output C:\Users\User\AppData\Local\Temp\testng-eclipse--1462076658\testng-customsuite.xml

Host: Intel(R) Core(TM) i5-10210U CPU @ 1.60GHz, 8 cores, 15G,  Windows 10 , 64 bit Build 19041 (10.0.19041.1503)
Time: Tue Mar 22 16:47:41 2022 Pakistan Standard Time elapsed time: 132.561604 seconds (0d 0h 2m 12s)

---------------  T H R E A D  ---------------

Current thread (0x00000268ff369310):  JavaThread "C2 CompilerThread0" daemon [_thread_in_native, id=39524, stack(0x0000008720300000,0x0000008720400000)]


Current CompileTask:
C2: 132561 5196   !   4       org.asynchttpclient.netty.handler.AsyncHttpClientHandler::channelRead (295 bytes)

Stack: [0x0000008720300000,0x0000008720400000]
Native frames: (J=compiled Java code, j=interpreted, Vv=VM code, C=native code)
V  [jvm.dll+0x62ae9a]
V  [jvm.dll+0x7817a9]
V  [jvm.dll+0x782f03]
V  [jvm.dll+0x783563]
V  [jvm.dll+0x216325]
V  [jvm.dll+0x97f3a]
V  [jvm.dll+0x9861c]
V  [jvm.dll+0x54074f]
V  [jvm.dll+0x1f2cd4]
V  [jvm.dll+0x1ec348]
V  [jvm.dll+0x1e9867]
V  [jvm.dll+0x178567]
V  [jvm.dll+0x1f9225]
V  [jvm.dll+0x1f72cc]
V  [jvm.dll+0x74495d]
V  [jvm.dll+0x73d75a]
V  [jvm.dll+0x629c56]
C  [ucrtbase.dll+0x21bb2]
C  [KERNEL32.DLL+0x17034]
C  [ntdll.dll+0x52651]


---------------  P R O C E S S  ---------------

Threads class SMR info:
_java_thread_list=0x0000026894057410, length=22, elements={
0x00000268f0cac670, 0x00000268ff33a010, 0x00000268ff33d140, 0x00000268ff35d4b0,
0x00000268ff360620, 0x00000268ff3640f0, 0x00000268ff369310, 0x00000268ff36c560,
0x00000268ff37deb0, 0x00000268ff61acc0, 0x00000268ff630c50, 0x000002689100d0f0,
0x00000268916f06f0, 0x0000026891bf3d40, 0x0000026891dbcbb0, 0x0000026891b19900,
0x0000026891ae7440, 0x0000026891b27930, 0x0000026891b265f0, 0x0000026891b26f90,
0x0000026891b26ac0, 0x0000026891b27460
}

Java Threads: ( => current thread )
  0x00000268f0cac670 JavaThread "Forwarding getElementText on session 47815e355af289b6f0a88cd25a919424 to remote" [_thread_blocked, id=39992, stack(0x000000871f700000,0x000000871f800000)]
  0x00000268ff33a010 JavaThread "Reference Handler" daemon [_thread_blocked, id=10772, stack(0x000000871fe00000,0x000000871ff00000)]
  0x00000268ff33d140 JavaThread "Finalizer" daemon [_thread_blocked, id=4248, stack(0x000000871ff00000,0x0000008720000000)]
  0x00000268ff35d4b0 JavaThread "Signal Dispatcher" daemon [_thread_blocked, id=17748, stack(0x0000008720000000,0x0000008720100000)]
  0x00000268ff360620 JavaThread "Attach Listener" daemon [_thread_blocked, id=34360, stack(0x0000008720100000,0x0000008720200000)]
  0x00000268ff3640f0 JavaThread "Service Thread" daemon [_thread_blocked, id=39912, stack(0x0000008720200000,0x0000008720300000)]
=>0x00000268ff369310 JavaThread "C2 CompilerThread0" daemon [_thread_in_native, id=39524, stack(0x0000008720300000,0x0000008720400000)]
  0x00000268ff36c560 JavaThread "C1 CompilerThread0" daemon [_thread_blocked, id=9336, stack(0x0000008720400000,0x0000008720500000)]
  0x00000268ff37deb0 JavaThread "Sweeper thread" daemon [_thread_blocked, id=33188, stack(0x0000008720500000,0x0000008720600000)]
  0x00000268ff61acc0 JavaThread "Notification Thread" daemon [_thread_blocked, id=26448, stack(0x0000008720600000,0x0000008720700000)]
  0x00000268ff630c50 JavaThread "Common-Cleaner" daemon [_thread_blocked, id=37796, stack(0x0000008720800000,0x0000008720900000)]
  0x000002689100d0f0 JavaThread "ReaderThread" [_thread_in_native, id=32784, stack(0x0000008720b00000,0x0000008720c00000)]
  0x00000268916f06f0 JavaThread "ForkJoinPool.commonPool-worker-3" daemon [_thread_blocked, id=32360, stack(0x0000008721100000,0x0000008721200000)]
  0x0000026891bf3d40 JavaThread "AsyncHttpClient-1-1" daemon [_thread_blocked, id=14348, stack(0x0000008721200000,0x0000008721300000)]
  0x0000026891dbcbb0 JavaThread "Exec Default Executor" daemon [_thread_in_native, id=37924, stack(0x0000008721400000,0x0000008721500000)]
  0x0000026891b19900 JavaThread "Driver Service Executor" daemon [_thread_blocked, id=28784, stack(0x0000008721500000,0x0000008721600000)]
  0x0000026891ae7440 JavaThread "Driver Service Executor" daemon [_thread_blocked, id=27644, stack(0x0000008721600000,0x0000008721700000)]
  0x0000026891b27930 JavaThread "Exec Stream Pumper" daemon [_thread_in_native, id=39516, stack(0x0000008721800000,0x0000008721900000)]
  0x0000026891b265f0 JavaThread "Exec Stream Pumper" daemon [_thread_in_native, id=14048, stack(0x0000008721900000,0x0000008721a00000)]
  0x0000026891b26f90 JavaThread "AsyncHttpClient-1-2" daemon [_thread_in_native, id=40272, stack(0x0000008720900000,0x0000008720a00000)]
  0x0000026891b26ac0 JavaThread "AsyncHttpClient-1-3" daemon [_thread_in_native, id=40032, stack(0x0000008721b00000,0x0000008721c00000)]
  0x0000026891b27460 JavaThread "AsyncHttpClient-1-4" daemon [_thread_in_native, id=26552, stack(0x0000008721c00000,0x0000008721d00000)]

Other Threads:
  0x00000268ff302bd0 VMThread "VM Thread" [stack: 0x000000871fd00000,0x000000871fe00000] [id=11440]
  0x00000268ff6211b0 WatcherThread [stack: 0x0000008720700000,0x0000008720800000] [id=40704]
  0x00000268f0cfd6b0 GCTaskThread "GC Thread#0" [stack: 0x000000871f800000,0x000000871f900000] [id=31976]
  0x00000268ff8d3960 GCTaskThread "GC Thread#1" [stack: 0x0000008720c00000,0x0000008720d00000] [id=39420]
  0x00000268ff8d2640 GCTaskThread "GC Thread#2" [stack: 0x0000008720d00000,0x0000008720e00000] [id=29544]
  0x00000268ff8d2ca0 GCTaskThread "GC Thread#3" [stack: 0x0000008720e00000,0x0000008720f00000] [id=39508]
  0x00000268ff8d1320 GCTaskThread "GC Thread#4" [stack: 0x0000008720f00000,0x0000008721000000] [id=11736]
  0x00000268ff8d1cb0 GCTaskThread "GC Thread#5" [stack: 0x0000008721000000,0x0000008721100000] [id=23228]
  0x00000268f0d0eca0 ConcurrentGCThread "G1 Main Marker" [stack: 0x000000871f900000,0x000000871fa00000] [id=26992]
  0x00000268f0d108a0 ConcurrentGCThread "G1 Conc#0" [stack: 0x000000871fa00000,0x000000871fb00000] [id=15724]
  0x00000268ff8d3630 ConcurrentGCThread "G1 Conc#1" [stack: 0x0000008721300000,0x0000008721400000] [id=24064]
  0x00000268f0d64b90 ConcurrentGCThread "G1 Refine#0" [stack: 0x000000871fb00000,0x000000871fc00000] [id=32408]
  0x00000268fe934820 ConcurrentGCThread "G1 Young RemSet Sampling" [stack: 0x000000871fc00000,0x000000871fd00000] [id=33644]

Threads with active compile tasks:
C2 CompilerThread0   132582 5196   !   4       org.asynchttpclient.netty.handler.AsyncHttpClientHandler::channelRead (295 bytes)

VM state: not at safepoint (normal execution)

VM Mutex/Monitor currently owned by a thread: None

Heap address: 0x0000000703000000, size: 4048 MB, Compressed Oops mode: Zero based, Oop shift amount: 3
CDS disabled.
Compressed class space mapped at: 0x0000000800000000-0x0000000840000000, size: 1073741824
Narrow klass base: 0x0000000800000000, Narrow klass shift: 0, Narrow klass range: 0x40000000

GC Precious Log:
 CPUs: 8 total, 8 available
 Memory: 16190M
 Large Page Support: Disabled
 NUMA Support: Disabled
 Compressed Oops: Enabled (Zero based)
 Heap Region Size: 2M
 Heap Min Capacity: 8M
 Heap Initial Capacity: 254M
 Heap Max Capacity: 4048M
 Pre-touch: Disabled
 Parallel Workers: 8
 Concurrent Workers: 2
 Concurrent Refinement Workers: 8
 Periodic GC: Disabled

Heap:
 garbage-first heap   total 69632K, used 44180K [0x0000000703000000, 0x0000000800000000)
  region size 2048K, 6 young (12288K), 1 survivors (2048K)
 Metaspace       used 36496K, capacity 36800K, committed 36992K, reserved 1083392K
  class space    used 3859K, capacity 3955K, committed 3968K, reserved 1048576K

Heap Regions: E=young(eden), S=young(survivor), O=old, HS=humongous(starts), HC=humongous(continues), CS=collection set, F=free, OA=open archive, CA=closed archive, TAMS=top-at-mark-start (previous, next)
|   0|0x0000000703000000, 0x0000000703200000, 0x0000000703200000|100%| O|  |TAMS 0x0000000703200000, 0x0000000703000000| Untracked 
|   1|0x0000000703200000, 0x0000000703400000, 0x0000000703400000|100%| O|  |TAMS 0x0000000703400000, 0x0000000703200000| Untracked 
|   2|0x0000000703400000, 0x0000000703600000, 0x0000000703600000|100%| O|  |TAMS 0x0000000703600000, 0x0000000703400000| Untracked 
|   3|0x0000000703600000, 0x0000000703800000, 0x0000000703800000|100%| O|  |TAMS 0x0000000703800000, 0x0000000703600000| Untracked 
|   4|0x0000000703800000, 0x0000000703971800, 0x0000000703a00000| 72%| O|  |TAMS 0x0000000703971800, 0x0000000703800000| Untracked 
|   5|0x0000000703a00000, 0x0000000703c00000, 0x0000000703c00000|100%| O|  |TAMS 0x0000000703c00000, 0x0000000703a00000| Untracked 
|   6|0x0000000703c00000, 0x0000000703e00000, 0x0000000703e00000|100%| O|  |TAMS 0x0000000703e00000, 0x0000000703c00000| Untracked 
|   7|0x0000000703e00000, 0x0000000704000000, 0x0000000704000000|100%| O|  |TAMS 0x0000000704000000, 0x0000000703e00000| Untracked 
|   8|0x0000000704000000, 0x0000000704200000, 0x0000000704200000|100%|HS|  |TAMS 0x0000000704200000, 0x0000000704000000| Complete 
|   9|0x0000000704200000, 0x0000000704400000, 0x0000000704400000|100%|HC|  |TAMS 0x0000000704400000, 0x0000000704200000| Complete 
|  10|0x0000000704400000, 0x0000000704600000, 0x0000000704600000|100%|HC|  |TAMS 0x0000000704600000, 0x0000000704400000| Complete 
|  11|0x0000000704600000, 0x0000000704800000, 0x0000000704800000|100%|HC|  |TAMS 0x0000000704800000, 0x0000000704600000| Complete 
|  12|0x0000000704800000, 0x0000000704a00000, 0x0000000704a00000|100%|HC|  |TAMS 0x0000000704a00000, 0x0000000704800000| Complete 
|  13|0x0000000704a00000, 0x0000000704c00000, 0x0000000704c00000|100%|HC|  |TAMS 0x0000000704c00000, 0x0000000704a00000| Complete 
|  14|0x0000000704c00000, 0x0000000704e00000, 0x0000000704e00000|100%|HC|  |TAMS 0x0000000704e00000, 0x0000000704c00000| Complete 
|  15|0x0000000704e00000, 0x0000000705000000, 0x0000000705000000|100%|HC|  |TAMS 0x0000000705000000, 0x0000000704e00000| Complete 
|  16|0x0000000705000000, 0x0000000705200000, 0x0000000705200000|100%|HC|  |TAMS 0x0000000705200000, 0x0000000705000000| Complete 
|  17|0x0000000705200000, 0x000000070536e200, 0x0000000705400000| 71%| O|  |TAMS 0x0000000705368400, 0x0000000705200000| Untracked 
|  18|0x0000000705400000, 0x0000000705400000, 0x0000000705600000|  0%| F|  |TAMS 0x0000000705400000, 0x0000000705400000| Untracked 
|  19|0x0000000705600000, 0x0000000705600000, 0x0000000705800000|  0%| F|  |TAMS 0x0000000705600000, 0x0000000705600000| Untracked 
|  20|0x0000000705800000, 0x0000000705800000, 0x0000000705a00000|  0%| F|  |TAMS 0x0000000705800000, 0x0000000705800000| Untracked 
|  21|0x0000000705a00000, 0x0000000705a00000, 0x0000000705c00000|  0%| F|  |TAMS 0x0000000705a00000, 0x0000000705a00000| Untracked 
|  22|0x0000000705c00000, 0x0000000705c00000, 0x0000000705e00000|  0%| F|  |TAMS 0x0000000705c00000, 0x0000000705c00000| Untracked 
|  23|0x0000000705e00000, 0x0000000705e458a8, 0x0000000706000000| 13%| S|CS|TAMS 0x0000000705e00000, 0x0000000705e00000| Complete 
|  24|0x0000000706000000, 0x0000000706000000, 0x0000000706200000|  0%| F|  |TAMS 0x0000000706000000, 0x0000000706000000| Untracked 
|  25|0x0000000706200000, 0x0000000706200000, 0x0000000706400000|  0%| F|  |TAMS 0x0000000706200000, 0x0000000706200000| Untracked 
|  26|0x0000000706400000, 0x0000000706400000, 0x0000000706600000|  0%| F|  |TAMS 0x0000000706400000, 0x0000000706400000| Untracked 
|  27|0x0000000706600000, 0x0000000706600000, 0x0000000706800000|  0%| F|  |TAMS 0x0000000706600000, 0x0000000706600000| Untracked 
|  28|0x0000000706800000, 0x0000000706800000, 0x0000000706a00000|  0%| F|  |TAMS 0x0000000706800000, 0x0000000706800000| Untracked 
|  29|0x0000000706a00000, 0x0000000706c00000, 0x0000000706c00000|100%| E|  |TAMS 0x0000000706a00000, 0x0000000706a00000| Complete 
|  30|0x0000000706c00000, 0x0000000706e00000, 0x0000000706e00000|100%| E|CS|TAMS 0x0000000706c00000, 0x0000000706c00000| Complete 
| 121|0x0000000712200000, 0x0000000712400000, 0x0000000712400000|100%| E|CS|TAMS 0x0000000712200000, 0x0000000712200000| Complete 
| 122|0x0000000712400000, 0x0000000712600000, 0x0000000712600000|100%| E|CS|TAMS 0x0000000712400000, 0x0000000712400000| Complete 
| 126|0x0000000712c00000, 0x0000000712e00000, 0x0000000712e00000|100%| E|CS|TAMS 0x0000000712c00000, 0x0000000712c00000| Complete 

Card table byte_map: [0x00000268f51d0000,0x00000268f59c0000] _byte_map_base: 0x00000268f19b8000

Marking Bits (Prev, Next): (CMBitMap*) 0x00000268f0cfdea0, (CMBitMap*) 0x00000268f0cfdee0
 Prev Bits: [0x00000268f61b0000, 0x00000268fa0f0000)
 Next Bits: [0x00000268fa0f0000, 0x00000268fe030000)

Polling page: 0x00000268f0470000

Metaspace:

Usage:
  Non-class:     32.08 MB capacity,    31.87 MB (>99%) used,   168.13 KB ( <1%) free+waste,    40.75 KB ( <1%) overhead. 
      Class:      3.86 MB capacity,     3.77 MB ( 98%) used,    81.82 KB (  2%) free+waste,    13.25 KB ( <1%) overhead. 
       Both:     35.94 MB capacity,    35.64 MB (>99%) used,   249.95 KB ( <1%) free+waste,    54.00 KB ( <1%) overhead. 

Virtual space:
  Non-class space:       34.00 MB reserved,      32.25 MB ( 95%) committed 
      Class space:        1.00 GB reserved,       3.88 MB ( <1%) committed 
             Both:        1.03 GB reserved,      36.12 MB (  3%) committed 

Chunk freelists:
   Non-Class:  51.00 KB
       Class:  13.00 KB
        Both:  64.00 KB

MaxMetaspaceSize: 17179869184.00 GB
CompressedClassSpaceSize: 1.00 GB

CodeHeap 'non-profiled nmethods': size=120000Kb used=2792Kb max_used=2792Kb free=117207Kb
 bounds [0x0000026887ad0000, 0x0000026887d90000, 0x000002688f000000]
CodeHeap 'profiled nmethods': size=120000Kb used=9981Kb max_used=9981Kb free=110018Kb
 bounds [0x00000268805a0000, 0x0000026880f60000, 0x0000026887ad0000]
CodeHeap 'non-nmethods': size=5760Kb used=1319Kb max_used=1383Kb free=4440Kb
 bounds [0x0000026880000000, 0x0000026880270000, 0x00000268805a0000]
 total_blobs=5800 nmethods=5194 adapters=518
 compilation: enabled
              stopped_count=0, restarted_count=0
 full_count=0

Compilation events (20 events):
Event: 131.903 Thread 0x00000268ff369310 nmethod 5186 0x0000026887d81d90 code [0x0000026887d81f40, 0x0000026887d82a78]
Event: 131.947 Thread 0x00000268ff369310 5187       4       io.netty.channel.CombinedChannelDuplexHandler::flush (60 bytes)
Event: 131.953 Thread 0x00000268ff369310 nmethod 5187 0x0000026887d82d90 code [0x0000026887d82fa0, 0x0000026887d836e8]
Event: 132.059 Thread 0x00000268ff369310 5188   !   4       io.netty.util.concurrent.DefaultPromise::addListener (39 bytes)
Event: 132.060 Thread 0x00000268ff369310 nmethod 5188 0x0000026887d83f90 code [0x0000026887d84120, 0x0000026887d843f8]
Event: 132.135 Thread 0x00000268ff369310 5189       4       java.lang.Integer::parseInt (300 bytes)
Event: 132.139 Thread 0x00000268ff369310 nmethod 5189 0x0000026887d84590 code [0x0000026887d84760, 0x0000026887d84cd8]
Event: 132.281 Thread 0x00000268ff369310 5190       4       io.netty.util.concurrent.DefaultPromise::cause0 (61 bytes)
Event: 132.281 Thread 0x00000268ff369310 nmethod 5190 0x0000026887d85290 code [0x0000026887d85420, 0x0000026887d854b8]
Event: 132.319 Thread 0x00000268ff369310 5191       4       java.util.HashMap$KeySet::spliterator (16 bytes)
Event: 132.320 Thread 0x00000268ff369310 nmethod 5191 0x0000026887d85590 code [0x0000026887d85720, 0x0000026887d857f8]
Event: 132.329 Thread 0x00000268ff369310 5192       4       org.asynchttpclient.netty.request.WriteListener::<init> (40 bytes)
Event: 132.331 Thread 0x00000268ff369310 nmethod 5192 0x0000026887d85890 code [0x0000026887d85a20, 0x0000026887d85cb8]
Event: 132.331 Thread 0x00000268ff369310 5193       4       org.asynchttpclient.netty.request.WriteListener::operationComplete (86 bytes)
Event: 132.332 Thread 0x00000268ff369310 nmethod 5193 0x0000026887d85e10 code [0x0000026887d85fa0, 0x0000026887d86138]
Event: 132.355 Thread 0x00000268ff369310 5194       4       org.openqa.selenium.remote.http.HttpMessage::removeHeader (54 bytes)
Event: 132.404 Thread 0x00000268ff369310 nmethod 5194 0x0000026887d86310 code [0x0000026887d865a0, 0x0000026887d88108]
Event: 132.492 Thread 0x00000268ff369310 5195       4       io.netty.channel.CombinedChannelDuplexHandler$DelegatingChannelHandlerContext::fireChannelRead (13 bytes)
Event: 132.499 Thread 0x00000268ff369310 nmethod 5195 0x0000026887d88f10 code [0x0000026887d89120, 0x0000026887d89a08]
Event: 132.499 Thread 0x00000268ff369310 5196   !   4       org.asynchttpclient.netty.handler.AsyncHttpClientHandler::channelRead (295 bytes)

GC Heap History (20 events):
Event: 118.088 GC heap before
{Heap before GC invocations=29 (full 0):
 garbage-first heap   total 69632K, used 56430K [0x0000000703000000, 0x0000000800000000)
  region size 2048K, 11 young (22528K), 1 survivors (2048K)
 Metaspace       used 36485K, capacity 36736K, committed 36992K, reserved 1083392K
  class space    used 3859K, capacity 3955K, committed 3968K, reserved 1048576K
}
Event: 118.090 GC heap after
{Heap after GC invocations=30 (full 0):
 garbage-first heap   total 69632K, used 35967K [0x0000000703000000, 0x0000000800000000)
  region size 2048K, 1 young (2048K), 1 survivors (2048K)
 Metaspace       used 36485K, capacity 36736K, committed 36992K, reserved 1083392K
  class space    used 3859K, capacity 3955K, committed 3968K, reserved 1048576K
}
Event: 119.553 GC heap before
{Heap before GC invocations=31 (full 0):
 garbage-first heap   total 69632K, used 56447K [0x0000000703000000, 0x0000000800000000)
  region size 2048K, 11 young (22528K), 1 survivors (2048K)
 Metaspace       used 36489K, capacity 36800K, committed 36992K, reserved 1083392K
  class space    used 3859K, capacity 3955K, committed 3968K, reserved 1048576K
}
Event: 119.556 GC heap after
{Heap after GC invocations=32 (full 0):
 garbage-first heap   total 69632K, used 35943K [0x0000000703000000, 0x0000000800000000)
  region size 2048K, 1 young (2048K), 1 survivors (2048K)
 Metaspace       used 36489K, capacity 36800K, committed 36992K, reserved 1083392K
  class space    used 3859K, capacity 3955K, committed 3968K, reserved 1048576K
}
Event: 121.020 GC heap before
{Heap before GC invocations=32 (full 0):
 garbage-first heap   total 69632K, used 56423K [0x0000000703000000, 0x0000000800000000)
  region size 2048K, 11 young (22528K), 1 survivors (2048K)
 Metaspace       used 36489K, capacity 36800K, committed 36992K, reserved 1083392K
  class space    used 3859K, capacity 3955K, committed 3968K, reserved 1048576K
}
Event: 121.021 GC heap after
{Heap after GC invocations=33 (full 0):
 garbage-first heap   total 69632K, used 36004K [0x0000000703000000, 0x0000000800000000)
  region size 2048K, 1 young (2048K), 1 survivors (2048K)
 Metaspace       used 36489K, capacity 36800K, committed 36992K, reserved 1083392K
  class space    used 3859K, capacity 3955K, committed 3968K, reserved 1048576K
}
Event: 122.518 GC heap before
{Heap before GC invocations=34 (full 0):
 garbage-first heap   total 69632K, used 54436K [0x0000000703000000, 0x0000000800000000)
  region size 2048K, 11 young (22528K), 1 survivors (2048K)
 Metaspace       used 36491K, capacity 36800K, committed 36992K, reserved 1083392K
  class space    used 3859K, capacity 3955K, committed 3968K, reserved 1048576K
}
Event: 122.520 GC heap after
{Heap after GC invocations=35 (full 0):
 garbage-first heap   total 69632K, used 35960K [0x0000000703000000, 0x0000000800000000)
  region size 2048K, 1 young (2048K), 1 survivors (2048K)
 Metaspace       used 36491K, capacity 36800K, committed 36992K, reserved 1083392K
  class space    used 3859K, capacity 3955K, committed 3968K, reserved 1048576K
}
Event: 124.059 GC heap before
{Heap before GC invocations=35 (full 0):
 garbage-first heap   total 69632K, used 54392K [0x0000000703000000, 0x0000000800000000)
  region size 2048K, 11 young (22528K), 1 survivors (2048K)
 Metaspace       used 36494K, capacity 36800K, committed 36992K, reserved 1083392K
  class space    used 3859K, capacity 3955K, committed 3968K, reserved 1048576K
}
Event: 124.060 GC heap after
{Heap after GC invocations=36 (full 0):
 garbage-first heap   total 69632K, used 35953K [0x0000000703000000, 0x0000000800000000)
  region size 2048K, 1 young (2048K), 1 survivors (2048K)
 Metaspace       used 36494K, capacity 36800K, committed 36992K, reserved 1083392K
  class space    used 3859K, capacity 3955K, committed 3968K, reserved 1048576K
}
Event: 125.550 GC heap before
{Heap before GC invocations=37 (full 0):
 garbage-first heap   total 69632K, used 56433K [0x0000000703000000, 0x0000000800000000)
  region size 2048K, 11 young (22528K), 1 survivors (2048K)
 Metaspace       used 36494K, capacity 36800K, committed 36992K, reserved 1083392K
  class space    used 3859K, capacity 3955K, committed 3968K, reserved 1048576K
}
Event: 125.552 GC heap after
{Heap after GC invocations=38 (full 0):
 garbage-first heap   total 69632K, used 35978K [0x0000000703000000, 0x0000000800000000)
  region size 2048K, 1 young (2048K), 1 survivors (2048K)
 Metaspace       used 36494K, capacity 36800K, committed 36992K, reserved 1083392K
  class space    used 3859K, capacity 3955K, committed 3968K, reserved 1048576K
}
Event: 127.043 GC heap before
{Heap before GC invocations=38 (full 0):
 garbage-first heap   total 69632K, used 56458K [0x0000000703000000, 0x0000000800000000)
  region size 2048K, 11 young (22528K), 1 survivors (2048K)
 Metaspace       used 36494K, capacity 36800K, committed 36992K, reserved 1083392K
  class space    used 3859K, capacity 3955K, committed 3968K, reserved 1048576K
}
Event: 127.045 GC heap after
{Heap after GC invocations=39 (full 0):
 garbage-first heap   total 69632K, used 36000K [0x0000000703000000, 0x0000000800000000)
  region size 2048K, 1 young (2048K), 1 survivors (2048K)
 Metaspace       used 36494K, capacity 36800K, committed 36992K, reserved 1083392K
  class space    used 3859K, capacity 3955K, committed 3968K, reserved 1048576K
}
Event: 128.642 GC heap before
{Heap before GC invocations=40 (full 0):
 garbage-first heap   total 69632K, used 54432K [0x0000000703000000, 0x0000000800000000)
  region size 2048K, 11 young (22528K), 1 survivors (2048K)
 Metaspace       used 36494K, capacity 36800K, committed 36992K, reserved 1083392K
  class space    used 3859K, capacity 3955K, committed 3968K, reserved 1048576K
}
Event: 128.644 GC heap after
{Heap after GC invocations=41 (full 0):
 garbage-first heap   total 69632K, used 36004K [0x0000000703000000, 0x0000000800000000)
  region size 2048K, 1 young (2048K), 1 survivors (2048K)
 Metaspace       used 36494K, capacity 36800K, committed 36992K, reserved 1083392K
  class space    used 3859K, capacity 3955K, committed 3968K, reserved 1048576K
}
Event: 130.186 GC heap before
{Heap before GC invocations=41 (full 0):
 garbage-first heap   total 69632K, used 54436K [0x0000000703000000, 0x0000000800000000)
  region size 2048K, 11 young (22528K), 1 survivors (2048K)
 Metaspace       used 36494K, capacity 36800K, committed 36992K, reserved 1083392K
  class space    used 3859K, capacity 3955K, committed 3968K, reserved 1048576K
}
Event: 130.187 GC heap after
{Heap after GC invocations=42 (full 0):
 garbage-first heap   total 69632K, used 35979K [0x0000000703000000, 0x0000000800000000)
  region size 2048K, 1 young (2048K), 1 survivors (2048K)
 Metaspace       used 36494K, capacity 36800K, committed 36992K, reserved 1083392K
  class space    used 3859K, capacity 3955K, committed 3968K, reserved 1048576K
}
Event: 131.778 GC heap before
{Heap before GC invocations=43 (full 0):
 garbage-first heap   total 69632K, used 56459K [0x0000000703000000, 0x0000000800000000)
  region size 2048K, 11 young (22528K), 1 survivors (2048K)
 Metaspace       used 36495K, capacity 36800K, committed 36992K, reserved 1083392K
  class space    used 3859K, capacity 3955K, committed 3968K, reserved 1048576K
}
Event: 131.779 GC heap after
{Heap after GC invocations=44 (full 0):
 garbage-first heap   total 69632K, used 35988K [0x0000000703000000, 0x0000000800000000)
  region size 2048K, 1 young (2048K), 1 survivors (2048K)
 Metaspace       used 36495K, capacity 36800K, committed 36992K, reserved 1083392K
  class space    used 3859K, capacity 3955K, committed 3968K, reserved 1048576K
}

Deoptimization events (20 events):
Event: 119.700 Thread 0x0000026891b26f90 Uncommon trap: trap_request=0xffffffd6 fr.pc=0x0000026887d171d8 relative=0x0000000000000438
Event: 119.700 Thread 0x0000026891b26f90 Uncommon trap: reason=array_check action=maybe_recompile pc=0x0000026887d171d8 method=java.util.Arrays.fill([Ljava/lang/Object;IILjava/lang/Object;)V @ 20 c2
Event: 119.700 Thread 0x0000026891b26f90 DEOPT PACKING pc=0x0000026887d171d8 sp=0x00000087209fedc0
Event: 119.700 Thread 0x0000026891b26f90 DEOPT UNPACKING pc=0x000002688004e42f sp=0x00000087209fed68 mode 2
Event: 119.710 Thread 0x0000026891b26f90 Uncommon trap: trap_request=0xffffffd6 fr.pc=0x0000026887d171d8 relative=0x0000000000000438
Event: 119.710 Thread 0x0000026891b26f90 Uncommon trap: reason=array_check action=maybe_recompile pc=0x0000026887d171d8 method=java.util.Arrays.fill([Ljava/lang/Object;IILjava/lang/Object;)V @ 20 c2
Event: 119.710 Thread 0x0000026891b26f90 DEOPT PACKING pc=0x0000026887d171d8 sp=0x00000087209fedc0
Event: 119.710 Thread 0x0000026891b26f90 DEOPT UNPACKING pc=0x000002688004e42f sp=0x00000087209fed68 mode 2
Event: 119.721 Thread 0x0000026891b26f90 Uncommon trap: trap_request=0xffffffd6 fr.pc=0x0000026887d171d8 relative=0x0000000000000438
Event: 119.721 Thread 0x0000026891b26f90 Uncommon trap: reason=array_check action=maybe_recompile pc=0x0000026887d171d8 method=java.util.Arrays.fill([Ljava/lang/Object;IILjava/lang/Object;)V @ 20 c2
Event: 119.721 Thread 0x0000026891b26f90 DEOPT PACKING pc=0x0000026887d171d8 sp=0x00000087209fedc0
Event: 119.721 Thread 0x0000026891b26f90 DEOPT UNPACKING pc=0x000002688004e42f sp=0x00000087209fed68 mode 2
Event: 119.733 Thread 0x0000026891b26f90 Uncommon trap: trap_request=0xffffffd6 fr.pc=0x0000026887d171d8 relative=0x0000000000000438
Event: 119.733 Thread 0x0000026891b26f90 Uncommon trap: reason=array_check action=maybe_recompile pc=0x0000026887d171d8 method=java.util.Arrays.fill([Ljava/lang/Object;IILjava/lang/Object;)V @ 20 c2
Event: 119.733 Thread 0x0000026891b26f90 DEOPT PACKING pc=0x0000026887d171d8 sp=0x00000087209fedc0
Event: 119.733 Thread 0x0000026891b26f90 DEOPT UNPACKING pc=0x000002688004e42f sp=0x00000087209fed68 mode 2
Event: 123.595 Thread 0x0000026891b26f90 Uncommon trap: trap_request=0xffffff45 fr.pc=0x0000026887cf9eec relative=0x000000000000242c
Event: 123.595 Thread 0x0000026891b26f90 Uncommon trap: reason=unstable_if action=reinterpret pc=0x0000026887cf9eec method=io.netty.buffer.PoolThreadCache.allocate(Lio/netty/buffer/PoolThreadCache$MemoryRegionCache;Lio/netty/buffer/PooledByteBuf;I)Z @ 30 c2
Event: 123.595 Thread 0x0000026891b26f90 DEOPT PACKING pc=0x0000026887cf9eec sp=0x00000087209fe790
Event: 123.595 Thread 0x0000026891b26f90 DEOPT UNPACKING pc=0x000002688004e42f sp=0x00000087209fe558 mode 2

Classes unloaded (0 events):
No events

Classes redefined (0 events):
No events

Internal exceptions (20 events):
Event: 21.914 Thread 0x00000268f0cac670 Exception <a 'java/lang/ClassNotFoundException'{0x0000000705d820a8}: java/lang/ObjectCustomizer> (0x0000000705d820a8) 
thrown [./open/src/hotspot/share/classfile/systemDictionary.cpp, line 295]
Event: 21.916 Thread 0x00000268f0cac670 Exception <a 'java/lang/IncompatibleClassChangeError'{0x0000000705d87198}: Found class java.lang.Object, but interface was expected> (0x0000000705d87198) 
thrown [./open/src/hotspot/share/interpreter/linkResolver.cpp, line 848]
Event: 21.919 Thread 0x00000268f0cac670 Exception <a 'java/lang/ClassNotFoundException'{0x0000000705d99808}: java/lang/EnumCustomizer> (0x0000000705d99808) 
thrown [./open/src/hotspot/share/classfile/systemDictionary.cpp, line 295]
Event: 21.921 Thread 0x00000268f0cac670 Exception <a 'java/lang/ClassNotFoundException'{0x0000000705dadee0}: com/aventstack/extentreports/StatusCustomizer> (0x0000000705dadee0) 
thrown [./open/src/hotspot/share/classfile/systemDictionary.cpp, line 295]
Event: 21.932 Thread 0x00000268f0cac670 Exception <a 'java/lang/ClassNotFoundException'{0x0000000712c6dce0}: com/aventstack/extentreports/view/IcoBeanInfo> (0x0000000712c6dce0) 
thrown [./open/src/hotspot/share/classfile/systemDictionary.cpp, line 295]
Event: 21.932 Thread 0x00000268f0cac670 Exception <a 'java/lang/ClassNotFoundException'{0x0000000712c74070}: com/aventstack/extentreports/view/IcoCustomizer> (0x0000000712c74070) 
thrown [./open/src/hotspot/share/classfile/systemDictionary.cpp, line 295]
Event: 21.937 Thread 0x00000268f0cac670 Exception <a 'java/lang/ClassNotFoundException'{0x0000000712cc48a8}: com/aventstack/extentreports/model/service/TestServiceBeanInfo> (0x0000000712cc48a8) 
thrown [./open/src/hotspot/share/classfile/systemDictionary.cpp, line 295]
Event: 21.937 Thread 0x00000268f0cac670 Exception <a 'java/lang/ClassNotFoundException'{0x0000000712ccb090}: com/aventstack/extentreports/model/service/TestServiceCustomizer> (0x0000000712ccb090) 
thrown [./open/src/hotspot/share/classfile/systemDictionary.cpp, line 295]
Event: 22.457 Thread 0x00000268f0cac670 Exception <a 'sun/nio/fs/WindowsException'{0x00000007122e67f0}> (0x00000007122e67f0) 
thrown [./open/src/hotspot/share/prims/jni.cpp, line 578]
Event: 24.599 Thread 0x00000268f0cac670 Exception <a 'java/lang/ClassNotFoundException'{0x00000007123ab278}: sun/misc/SharedSecrets> (0x00000007123ab278) 
thrown [./open/src/hotspot/share/classfile/systemDictionary.cpp, line 295]
Event: 27.346 Thread 0x00000268f0cac670 Exception <a 'sun/nio/fs/WindowsException'{0x00000007066a21a8}> (0x00000007066a21a8) 
thrown [./open/src/hotspot/share/prims/jni.cpp, line 578]
Event: 27.358 Thread 0x00000268f0cac670 Exception <a 'java/lang/NoSuchMethodError'{0x0000000706711648}: 'void java.lang.invoke.DirectMethodHandle$Holder.invokeInterface(java.lang.Object, java.lang.Object)'> (0x0000000706711648) 
thrown [./open/src/hotspot/share/interpreter/linkResolver.cpp, line 782]
Event: 33.690 Thread 0x00000268f0cac670 Exception <a 'sun/nio/fs/WindowsException'{0x0000000712df9ad0}> (0x0000000712df9ad0) 
thrown [./open/src/hotspot/share/prims/jni.cpp, line 578]
Event: 68.668 Thread 0x00000268f0cac670 Exception <a 'sun/nio/fs/WindowsException'{0x0000000706de05d0}> (0x0000000706de05d0) 
thrown [./open/src/hotspot/share/prims/jni.cpp, line 578]
Event: 74.934 Thread 0x00000268f0cac670 Implicit null exception at 0x0000026887b03957 to 0x0000026887b03f0c
Event: 79.798 Thread 0x00000268f0cac670 Exception <a 'sun/nio/fs/WindowsException'{0x0000000712dfee00}> (0x0000000712dfee00) 
thrown [./open/src/hotspot/share/prims/jni.cpp, line 578]
Event: 82.188 Thread 0x00000268f0cac670 Exception <a 'sun/nio/fs/WindowsException'{0x00000007123df9c8}> (0x00000007123df9c8) 
thrown [./open/src/hotspot/share/prims/jni.cpp, line 578]
Event: 86.579 Thread 0x00000268f0cac670 Exception <a 'sun/nio/fs/WindowsException'{0x0000000706bf7b80}> (0x0000000706bf7b80) 
thrown [./open/src/hotspot/share/prims/jni.cpp, line 578]
Event: 91.638 Thread 0x00000268f0cac670 Exception <a 'java/lang/reflect/InvocationTargetException'{0x00000007064f50c8}> (0x00000007064f50c8) 
thrown [./open/src/hotspot/share/runtime/reflection.cpp, line 1157]
Event: 102.766 Thread 0x00000268f0cac670 Exception <a 'sun/nio/fs/WindowsException'{0x0000000706957bd8}> (0x0000000706957bd8) 
thrown [./open/src/hotspot/share/prims/jni.cpp, line 578]

Events (20 events):
Event: 129.646 Executing VM operation: HandshakeAllThreads
Event: 129.646 Executing VM operation: HandshakeAllThreads done
Event: 130.186 Executing VM operation: G1CollectForAllocation
Event: 130.187 Executing VM operation: G1CollectForAllocation done
Event: 130.187 Executing VM operation: HandshakeAllThreads
Event: 130.187 Executing VM operation: HandshakeAllThreads done
Event: 130.195 Executing VM operation: G1Concurrent
Event: 130.198 Executing VM operation: G1Concurrent done
Event: 130.198 Executing VM operation: HandshakeAllThreads
Event: 130.198 Executing VM operation: HandshakeAllThreads done
Event: 130.205 Executing VM operation: G1Concurrent
Event: 130.205 Executing VM operation: G1Concurrent done
Event: 130.205 Executing VM operation: HandshakeAllThreads
Event: 130.205 Executing VM operation: HandshakeAllThreads done
Event: 131.218 Executing VM operation: HandshakeAllThreads
Event: 131.218 Executing VM operation: HandshakeAllThreads done
Event: 131.778 Executing VM operation: G1CollectForAllocation
Event: 131.779 Executing VM operation: G1CollectForAllocation done
Event: 131.779 Executing VM operation: HandshakeAllThreads
Event: 131.779 Executing VM operation: HandshakeAllThreads done


Dynamic libraries:
0x00007ff681730000 - 0x00007ff68173d000 	C:\Users\User\.p2\pool\plugins\org.eclipse.justj.openjdk.hotspot.jre.full.win32.x86_64_15.0.2.v20210201-0955\jre\bin\javaw.exe
0x00007ffa0ee50000 - 0x00007ffa0f045000 	C:\Windows\SYSTEM32\ntdll.dll
0x00007ffa0ce70000 - 0x00007ffa0cf2e000 	C:\Windows\System32\KERNEL32.DLL
0x00007ffa0ca70000 - 0x00007ffa0cd38000 	C:\Windows\System32\KERNELBASE.dll
0x00007ffa0c7f0000 - 0x00007ffa0c8f0000 	C:\Windows\System32\ucrtbase.dll
0x00007ffa07830000 - 0x00007ffa07848000 	C:\Users\User\.p2\pool\plugins\org.eclipse.justj.openjdk.hotspot.jre.full.win32.x86_64_15.0.2.v20210201-0955\jre\bin\jli.dll
0x00007ffa07810000 - 0x00007ffa07829000 	C:\Users\User\.p2\pool\plugins\org.eclipse.justj.openjdk.hotspot.jre.full.win32.x86_64_15.0.2.v20210201-0955\jre\bin\VCRUNTIME140.dll
0x00007ffa0e0f0000 - 0x00007ffa0e290000 	C:\Windows\System32\USER32.dll
0x00007ffa0c920000 - 0x00007ffa0c942000 	C:\Windows\System32\win32u.dll
0x00007ff9f4a70000 - 0x00007ff9f4d0a000 	C:\Windows\WinSxS\amd64_microsoft.windows.common-controls_6595b64144ccf1df_6.0.19041.1110_none_60b5254171f9507e\COMCTL32.dll
0x00007ffa0dd60000 - 0x00007ffa0dd8b000 	C:\Windows\System32\GDI32.dll
0x00007ffa0ec50000 - 0x00007ffa0ecee000 	C:\Windows\System32\msvcrt.dll
0x00007ffa0c530000 - 0x00007ffa0c63d000 	C:\Windows\System32\gdi32full.dll
0x00007ffa0cd40000 - 0x00007ffa0cddd000 	C:\Windows\System32\msvcp_win.dll
0x00007ffa0d1c0000 - 0x00007ffa0d1f0000 	C:\Windows\System32\IMM32.DLL
0x00007ffa081b0000 - 0x00007ffa081bc000 	C:\Users\User\.p2\pool\plugins\org.eclipse.justj.openjdk.hotspot.jre.full.win32.x86_64_15.0.2.v20210201-0955\jre\bin\vcruntime140_1.dll
0x00007ff9e5c40000 - 0x00007ff9e5cd1000 	C:\Users\User\.p2\pool\plugins\org.eclipse.justj.openjdk.hotspot.jre.full.win32.x86_64_15.0.2.v20210201-0955\jre\bin\msvcp140.dll
0x00007ff98b9b0000 - 0x00007ff98c50e000 	C:\Users\User\.p2\pool\plugins\org.eclipse.justj.openjdk.hotspot.jre.full.win32.x86_64_15.0.2.v20210201-0955\jre\bin\server\jvm.dll
0x00007ffa0dc50000 - 0x00007ffa0dcfe000 	C:\Windows\System32\ADVAPI32.dll
0x00007ffa0ebb0000 - 0x00007ffa0ec4c000 	C:\Windows\System32\sechost.dll
0x00007ffa0e380000 - 0x00007ffa0e4a5000 	C:\Windows\System32\RPCRT4.dll
0x00007ff9f1280000 - 0x00007ff9f12a7000 	C:\Windows\SYSTEM32\WINMM.dll
0x00007ffa0dbd0000 - 0x00007ffa0dbd8000 	C:\Windows\System32\PSAPI.DLL
0x00007ffa06520000 - 0x00007ffa0652a000 	C:\Windows\SYSTEM32\VERSION.dll
0x00007ff9f4920000 - 0x00007ff9f4929000 	C:\Windows\SYSTEM32\WSOCK32.dll
0x00007ffa0dbe0000 - 0x00007ffa0dc4b000 	C:\Windows\System32\WS2_32.dll
0x00007ffa0a3e0000 - 0x00007ffa0a3f2000 	C:\Windows\SYSTEM32\kernel.appcore.dll
0x00007ff9fd290000 - 0x00007ff9fd29a000 	C:\Users\User\.p2\pool\plugins\org.eclipse.justj.openjdk.hotspot.jre.full.win32.x86_64_15.0.2.v20210201-0955\jre\bin\jimage.dll
0x00007ff9fc890000 - 0x00007ff9fca74000 	C:\Windows\SYSTEM32\DBGHELP.DLL
0x00007ff9f4150000 - 0x00007ff9f417c000 	C:\Windows\SYSTEM32\dbgcore.DLL
0x00007ffa0cde0000 - 0x00007ffa0ce62000 	C:\Windows\System32\bcryptPrimitives.dll
0x00007ff9fd100000 - 0x00007ff9fd125000 	C:\Users\User\.p2\pool\plugins\org.eclipse.justj.openjdk.hotspot.jre.full.win32.x86_64_15.0.2.v20210201-0955\jre\bin\java.dll
0x00007ff9fd1e0000 - 0x00007ff9fd1f8000 	C:\Users\User\.p2\pool\plugins\org.eclipse.justj.openjdk.hotspot.jre.full.win32.x86_64_15.0.2.v20210201-0955\jre\bin\zip.dll
0x00007ffa0d1f0000 - 0x00007ffa0d934000 	C:\Windows\System32\SHELL32.dll
0x00007ffa0a5e0000 - 0x00007ffa0ad74000 	C:\Windows\SYSTEM32\windows.storage.dll
0x00007ffa0dd90000 - 0x00007ffa0e0e5000 	C:\Windows\System32\combase.dll
0x00007ffa0bdd0000 - 0x00007ffa0bdfe000 	C:\Windows\SYSTEM32\Wldp.dll
0x00007ffa0cf90000 - 0x00007ffa0d03d000 	C:\Windows\System32\SHCORE.dll
0x00007ffa0d040000 - 0x00007ffa0d095000 	C:\Windows\System32\shlwapi.dll
0x00007ffa0c470000 - 0x00007ffa0c48f000 	C:\Windows\SYSTEM32\profapi.dll
0x00007ff9fd0e0000 - 0x00007ff9fd0f9000 	C:\Users\User\.p2\pool\plugins\org.eclipse.justj.openjdk.hotspot.jre.full.win32.x86_64_15.0.2.v20210201-0955\jre\bin\net.dll
0x00007ffa02e40000 - 0x00007ffa02f4c000 	C:\Windows\SYSTEM32\WINHTTP.dll
0x00007ffa0bbb0000 - 0x00007ffa0bc1a000 	C:\Windows\system32\mswsock.dll
0x00007ff9fd0c0000 - 0x00007ff9fd0d2000 	C:\Users\User\.p2\pool\plugins\org.eclipse.justj.openjdk.hotspot.jre.full.win32.x86_64_15.0.2.v20210201-0955\jre\bin\nio.dll
0x00007ffa0b900000 - 0x00007ffa0b9cb000 	C:\Windows\SYSTEM32\DNSAPI.dll
0x00007ffa0b8c0000 - 0x00007ffa0b8fb000 	C:\Windows\SYSTEM32\IPHLPAPI.DLL
0x00007ffa0e290000 - 0x00007ffa0e298000 	C:\Windows\System32\NSI.dll
0x00007ffa014d0000 - 0x00007ffa014da000 	C:\Windows\System32\rasadhlp.dll
0x00007ffa010c0000 - 0x00007ffa0113f000 	C:\Windows\System32\fwpuclnt.dll
0x00007ffa0c8f0000 - 0x00007ffa0c917000 	C:\Windows\System32\bcrypt.dll
0x00007ffa0be10000 - 0x00007ffa0be28000 	C:\Windows\SYSTEM32\CRYPTSP.dll
0x00007ffa0b550000 - 0x00007ffa0b584000 	C:\Windows\system32\rsaenh.dll
0x00007ffa0c3f0000 - 0x00007ffa0c41e000 	C:\Windows\SYSTEM32\USERENV.dll
0x00007ffa0bd40000 - 0x00007ffa0bd4c000 	C:\Windows\SYSTEM32\CRYPTBASE.dll
0x00007ffa05c40000 - 0x00007ffa05c57000 	C:\Windows\SYSTEM32\dhcpcsvc6.DLL
0x00007ffa05c20000 - 0x00007ffa05c3d000 	C:\Windows\SYSTEM32\dhcpcsvc.DLL
0x00007ff9fd2a0000 - 0x00007ff9fd2b0000 	C:\Users\User\.p2\pool\plugins\org.eclipse.justj.openjdk.hotspot.jre.full.win32.x86_64_15.0.2.v20210201-0955\jre\bin\verify.dll
0x00007ff9fcf40000 - 0x00007ff9fcf49000 	C:\Users\User\.p2\pool\plugins\org.eclipse.justj.openjdk.hotspot.jre.full.win32.x86_64_15.0.2.v20210201-0955\jre\bin\management.dll
0x00007ff9fce10000 - 0x00007ff9fce1b000 	C:\Users\User\.p2\pool\plugins\org.eclipse.justj.openjdk.hotspot.jre.full.win32.x86_64_15.0.2.v20210201-0955\jre\bin\management_ext.dll
0x00007ff9fcfc0000 - 0x00007ff9fcfcd000 	C:\Users\User\.p2\pool\plugins\org.eclipse.justj.openjdk.hotspot.jre.full.win32.x86_64_15.0.2.v20210201-0955\jre\bin\sunmscapi.dll
0x00007ffa0c690000 - 0x00007ffa0c7e6000 	C:\Windows\System32\CRYPT32.dll
0x00007ffa0bf80000 - 0x00007ffa0bfa7000 	C:\Windows\SYSTEM32\ncrypt.dll
0x00007ffa0bf40000 - 0x00007ffa0bf7b000 	C:\Windows\SYSTEM32\NTASN1.dll
0x00007ff9f4080000 - 0x00007ff9f4097000 	C:\Windows\system32\napinsp.dll
0x00007ff9f4060000 - 0x00007ff9f407b000 	C:\Windows\system32\pnrpnsp.dll
0x00007ffa07f10000 - 0x00007ffa07f2d000 	C:\Windows\system32\NLAapi.dll
0x00007ff9f3ba0000 - 0x00007ff9f3bb2000 	C:\Windows\System32\winrnr.dll
0x00007ff9f8300000 - 0x00007ff9f8315000 	C:\Windows\system32\wshbth.dll
0x00007ffa0b1e0000 - 0x00007ffa0b213000 	C:\Windows\SYSTEM32\ntmarta.dll

dbghelp: loaded successfully - version: 4.0.5 - missing functions: none
symbol engine: initialized successfully - sym options: 0x614 - pdb path: .;C:\Users\User\.p2\pool\plugins\org.eclipse.justj.openjdk.hotspot.jre.full.win32.x86_64_15.0.2.v20210201-0955\jre\bin;C:\Windows\SYSTEM32;C:\Windows\WinSxS\amd64_microsoft.windows.common-controls_6595b64144ccf1df_6.0.19041.1110_none_60b5254171f9507e;C:\Users\User\.p2\pool\plugins\org.eclipse.justj.openjdk.hotspot.jre.full.win32.x86_64_15.0.2.v20210201-0955\jre\bin\server

VM Arguments:
jvm_args: -ea -Dfile.encoding=Cp1252 -XX:+ShowCodeDetailsInExceptionMessages 
java_command: org.testng.remote.RemoteTestNG -serport 61906 -protocol json -d D:\Eclipse-WorkSpace\eclipse-workspace\IEQACode\test-output C:\Users\User\AppData\Local\Temp\testng-eclipse--1462076658\testng-customsuite.xml
java_class_path (initial): D:\Program Files\Java-2020-12\eclipse\configuration\org.eclipse.osgi\443\0\.cp\lib\testng-remote.jar;D:\Eclipse-WorkSpace\eclipse-workspace\IEQACode\target\test-classes;D:\Eclipse-WorkSpace\eclipse-workspace\IEQACode\target\classes;C:\Users\User\.p2\pool\plugins\org.testng_7.3.0.r202008060316.jar;C:\Users\User\.p2\pool\plugins\com.beust.jcommander_1.78.0.jar;C:\Users\User\.p2\pool\plugins\org.apache-extras.beanshell.bsh_2.0.0.b6.jar;C:\Users\User\.p2\pool\plugins\org.yaml.snakeyaml_1.21.0.jar;D:\Softwares Setup Files\Rest_Assured\commons-codec-1.9.jar;D:\Softwares Setup Files\Rest_Assured\commons-lang3-3.4.jar;D:\Softwares Setup Files\Rest_Assured\commons-logging-1.2.jar;D:\Softwares Setup Files\Rest_Assured\groovy-3.0.3.jar;D:\Softwares Setup Files\Rest_Assured\groovy-json-3.0.3.jar;D:\Softwares Setup Files\Rest_Assured\groovy-xml-3.0.3.jar;D:\Softwares Setup Files\Rest_Assured\hamcrest-2.1.jar;D:\Softwares Setup Files\Rest_Assured\httpclient-4.5.3.jar;D:\Softwares Setup Files\Rest_Assured\httpcore-4.4.6.jar;D:\Softwares Setup Files\Rest_Assured\httpmime-4.5.3.jar;D:\Softwares Setup Files\Rest_Assured\jakarta.activation-api-1.2.2.jar;D:\Softwares Setup Files\Rest_Assured\jakarta.xml.bind-api-2.3.3.jar;D:\Softwares Setup Files\Rest_Assured\jaxb-impl-2.3.3.jar;D:\Softwares Setup Files\Rest_Assured\json-path-4.3.1.jar;D:\Softwares Setup Files\Rest_Assured\rest-assured-4.3.1.jar;D:\Softwares Setup Files\Rest_Assured\rest-assured-common-4.3.1.jar;D:\Softwares Setup Files\Rest_Assured\tagsoup-1.2.1.jar;D:\Softwares Setup Files\Rest_Assured\xml-path-4.3.1.jar;C:\Users\User\Downloads\Microsoft JDBC Driver 6.0 for SQL Server\sqljdbc_6.0\enu\jre8\sqljdbc42.jar;C:\Users\User\.m2\repository\org\seleniumhq\selenium\selenium-remote-driver\4.1.2\selenium-remote-driver-4.1.2.jar;C:\Users\User\.m2\repository\junit\junit\4.11\junit-4.11.jar;C:\Users\User\.m2\repository\org\hamcrest\hamcrest-core\1.3\hamcrest-core-1.3.jar;C:\Users\User\.m2\repository\org\
Launcher Type: SUN_STANDARD

[Global flags]
     intx CICompilerCount                          = 4                                         {product} {ergonomic}
     uint ConcGCThreads                            = 2                                         {product} {ergonomic}
     uint G1ConcRefinementThreads                  = 8                                         {product} {ergonomic}
   size_t G1HeapRegionSize                         = 2097152                                   {product} {ergonomic}
    uintx GCDrainStackTargetSize                   = 64                                        {product} {ergonomic}
   size_t InitialHeapSize                          = 266338304                                 {product} {ergonomic}
   size_t MarkStackSize                            = 4194304                                   {product} {ergonomic}
   size_t MaxHeapSize                              = 4244635648                                {product} {ergonomic}
   size_t MaxNewSize                               = 2545942528                                {product} {ergonomic}
   size_t MinHeapDeltaBytes                        = 2097152                                   {product} {ergonomic}
   size_t MinHeapSize                              = 8388608                                   {product} {ergonomic}
    uintx NonNMethodCodeHeapSize                   = 5839372                                {pd product} {ergonomic}
    uintx NonProfiledCodeHeapSize                  = 122909434                              {pd product} {ergonomic}
    uintx ProfiledCodeHeapSize                     = 122909434                              {pd product} {ergonomic}
    uintx ReservedCodeCacheSize                    = 251658240                              {pd product} {ergonomic}
     bool SegmentedCodeCache                       = true                                      {product} {ergonomic}
     bool ShowCodeDetailsInExceptionMessages       = true                                   {manageable} {command line}
   size_t SoftMaxHeapSize                          = 4244635648                             {manageable} {ergonomic}
     bool UseCompressedClassPointers               = true                                 {lp64_product} {ergonomic}
     bool UseCompressedOops                        = true                                 {lp64_product} {ergonomic}
     bool UseG1GC                                  = true                                      {product} {ergonomic}
     bool UseLargePagesIndividualAllocation        = false                                  {pd product} {ergonomic}

Logging:
Log output configuration:
 #0: stdout all=warning uptime,level,tags
 #1: stderr all=off uptime,level,tags

Environment Variables:
PATH=C:/Users/User/.p2/pool/plugins/org.eclipse.justj.openjdk.hotspot.jre.full.win32.x86_64_15.0.2.v20210201-0955/jre/bin/server;C:/Users/User/.p2/pool/plugins/org.eclipse.justj.openjdk.hotspot.jre.full.win32.x86_64_15.0.2.v20210201-0955/jre/bin;C:\Program Files (x86)\Common Files\Oracle\Java\javapath;C:\Windows\system32;C:\Windows;C:\Windows\System32\Wbem;C:\Windows\System32\WindowsPowerShell\v1.0\;C:\Windows\System32\OpenSSH\;C:\Program Files\Git\cmd;C:\Program Files\Microsoft SQL Server\Client SDK\ODBC\110\Tools\Binn\;C:\Program Files (x86)\Microsoft SQL Server\120\Tools\Binn\ManagementStudio\;C:\Program Files (x86)\Microsoft SQL Server\120\Tools\Binn\;C:\Program Files\Microsoft SQL Server\120\Tools\Binn\;C:\Program Files (x86)\Microsoft SQL Server\120\DTS\Binn\;C:\Program Files\Microsoft SQL Server\120\DTS\Binn\;C:\Program Files\nodejs\;C:\Program Files\PuTTY\;C:\Program Files\Docker\Docker\resources\bin;C:\ProgramData\DockerDesktop\version-bin;C:\Users\User\AppData\Local\Programs\Python\Python310\Scripts\;C:\Users\User\AppData\Local\Programs\Python\Python310\;C:\Users\User\AppData\Local\Microsoft\WindowsApps;;D:\Program Files\Microsoft VS Code\bin;C:\Users\User\AppData\Local\Programs\Fiddler;C:\Users\User\AppData\Roaming\npm;C:\Users\User\Desktop;
USERNAME=User
OS=Windows_NT
PROCESSOR_IDENTIFIER=Intel64 Family 6 Model 142 Stepping 12, GenuineIntel



---------------  S Y S T E M  ---------------

OS:
 Windows 10 , 64 bit Build 19041 (10.0.19041.1503)
OS uptime: 13 days 5:04 hours
HyperV virtualization detected

CPU: total 8 (initial active 8) (4 cores per cpu, 2 threads per core) family 6 model 142 stepping 12 microcode 0xd6, cmov, cx8, fxsr, mmx, sse, sse2, sse3, ssse3, sse4.1, sse4.2, popcnt, vzeroupper, avx, avx2, aes, clmul, erms, 3dnowpref, lzcnt, ht, tsc, tscinvbit, bmi1, bmi2, adx, fma, clflush, clflushopt

Memory: 4k page, system-wide physical 16190M (1188M free)
TotalPageFile size 41111M (AvailPageFile size 5M)
current process WorkingSet (physical memory assigned to process): 231M, peak: 239M
current process commit charge ("private bytes"): 264M, peak: 376M

vm_info: OpenJDK 64-Bit Server VM (15.0.2+7-27) for windows-amd64 JRE (15.0.2+7-27), built on Dec  7 2020 20:02:38 by "mach5one" with unknown MS VC++:1925

END.
