#
# There is insufficient memory for the Java Runtime Environment to continue.
# Native memory allocation (malloc) failed to allocate 67296 bytes for Chunk::new
# Possible reasons:
#   The system is out of physical RAM or swap space
#   The process is running with CompressedOops enabled, and the Java Heap may be blocking the growth of the native heap
# Possible solutions:
#   Reduce memory load on the system
#   Increase physical memory or swap space
#   Check if swap backing store is full
#   Decrease Java heap size (-Xmx/-Xms)
#   Decrease number of Java threads
#   Decrease Java thread stack sizes (-Xss)
#   Set larger code cache with -XX:ReservedCodeCacheSize=
#   JVM is running with Zero Based Compressed Oops mode in which the Java heap is
#     placed in the first 32GB address space. The Java Heap base address is the
#     maximum limit for the native heap growth. Please use -XX:HeapBaseMinAddress
#     to set the Java Heap base and to place the Java Heap above 32GB virtual address.
# This output file may be truncated or incomplete.
#
#  Out of Memory Error (./open/src/hotspot/share/memory/arena.cpp:195), pid=44580, tid=44548
#
# JRE version: OpenJDK Runtime Environment (15.0.2+7) (build 15.0.2+7-27)
# Java VM: OpenJDK 64-Bit Server VM (15.0.2+7-27, mixed mode, tiered, compressed oops, g1 gc, windows-amd64)
# No core dump will be written. Minidumps are not enabled by default on client versions of Windows
#

---------------  S U M M A R Y ------------

Command Line: -ea -Dfile.encoding=Cp1252 -XX:+ShowCodeDetailsInExceptionMessages org.testng.remote.RemoteTestNG -serport 49588 -protocol json -d D:\Eclipse-WorkSpace\eclipse-workspace\IEQACode\test-output C:\Users\User\AppData\Local\Temp\testng-eclipse-1335541844\testng-customsuite.xml

Host: Intel(R) Core(TM) i5-10210U CPU @ 1.60GHz, 8 cores, 15G,  Windows 10 , 64 bit Build 19041 (10.0.19041.804)
Time: Wed Jun  9 14:13:51 2021 Pakistan Standard Time elapsed time: 0.343901 seconds (0d 0h 0m 0s)

---------------  T H R E A D  ---------------

Current thread (0x000001e3b0fe2520):  JavaThread "C2 CompilerThread0" daemon [_thread_in_native, id=44548, stack(0x0000008712f00000,0x0000008713000000)]


Current CompileTask:
C2:    343  441       4       java.lang.StringUTF16::compress (50 bytes)

Stack: [0x0000008712f00000,0x0000008713000000]
Native frames: (J=compiled Java code, j=interpreted, Vv=VM code, C=native code)
V  [jvm.dll+0x62ae9a]
V  [jvm.dll+0x7817a9]
V  [jvm.dll+0x782f03]
V  [jvm.dll+0x783563]
V  [jvm.dll+0x216325]
V  [jvm.dll+0x97f3a]
V  [jvm.dll+0x9861c]
V  [jvm.dll+0x279f9f]
V  [jvm.dll+0x540794]
V  [jvm.dll+0x1f3124]
V  [jvm.dll+0x1ecaf1]
V  [jvm.dll+0x1e9867]
V  [jvm.dll+0x178567]
V  [jvm.dll+0x1f9225]
V  [jvm.dll+0x1f72cc]
V  [jvm.dll+0x74495d]
V  [jvm.dll+0x73d75a]
V  [jvm.dll+0x629c56]
C  [ucrtbase.dll+0x21bb2]
C  [KERNEL32.DLL+0x17034]
C  [ntdll.dll+0x52651]


---------------  P R O C E S S  ---------------

Threads class SMR info:
_java_thread_list=0x000001e3b12311c0, length=12, elements={
0x000001e391925a40, 0x000001e3b0fb2010, 0x000001e3b0fb3070, 0x000001e3b0fd50c0,
0x000001e3b0fd5980, 0x000001e3b0fd7af0, 0x000001e3b0fe2520, 0x000001e3b0fe5c90,
0x000001e3b0ffb530, 0x000001e3b1178080, 0x000001e3b11a07e0, 0x000001e3b1230c00
}

Java Threads: ( => current thread )
  0x000001e391925a40 JavaThread "main" [_thread_in_Java, id=10224, stack(0x0000008712300000,0x0000008712400000)]
  0x000001e3b0fb2010 JavaThread "Reference Handler" daemon [_thread_blocked, id=25064, stack(0x0000008712a00000,0x0000008712b00000)]
  0x000001e3b0fb3070 JavaThread "Finalizer" daemon [_thread_blocked, id=38744, stack(0x0000008712b00000,0x0000008712c00000)]
  0x000001e3b0fd50c0 JavaThread "Signal Dispatcher" daemon [_thread_blocked, id=19452, stack(0x0000008712c00000,0x0000008712d00000)]
  0x000001e3b0fd5980 JavaThread "Attach Listener" daemon [_thread_blocked, id=30384, stack(0x0000008712d00000,0x0000008712e00000)]
  0x000001e3b0fd7af0 JavaThread "Service Thread" daemon [_thread_blocked, id=29668, stack(0x0000008712e00000,0x0000008712f00000)]
=>0x000001e3b0fe2520 JavaThread "C2 CompilerThread0" daemon [_thread_in_native, id=44548, stack(0x0000008712f00000,0x0000008713000000)]
  0x000001e3b0fe5c90 JavaThread "C1 CompilerThread0" daemon [_thread_in_native, id=37040, stack(0x0000008713000000,0x0000008713100000)]
  0x000001e3b0ffb530 JavaThread "Sweeper thread" daemon [_thread_blocked, id=17032, stack(0x0000008713100000,0x0000008713200000)]
  0x000001e3b1178080 JavaThread "Notification Thread" daemon [_thread_blocked, id=40920, stack(0x0000008713200000,0x0000008713300000)]
  0x000001e3b11a07e0 JavaThread "Common-Cleaner" daemon [_thread_blocked, id=31608, stack(0x0000008713400000,0x0000008713500000)]
  0x000001e3b1230c00 JavaThread "C2 CompilerThread1" daemon [_thread_blocked, id=38928, stack(0x0000008713500000,0x0000008713600000)]

Other Threads:
  0x000001e3b0f7b700 VMThread "VM Thread" [stack: 0x0000008712900000,0x0000008712a00000] [id=39768]
  0x000001e3b1162b90 WatcherThread [stack: 0x0000008713300000,0x0000008713400000] [id=33580]
  0x000001e391976860 GCTaskThread "GC Thread#0" [stack: 0x0000008712400000,0x0000008712500000] [id=43444]
  0x000001e391987ee0 ConcurrentGCThread "G1 Main Marker" [stack: 0x0000008712500000,0x0000008712600000] [id=35200]
  0x000001e391989a70 ConcurrentGCThread "G1 Conc#0" [stack: 0x0000008712600000,0x0000008712700000] [id=45204]
  0x000001e3b05b20d0 ConcurrentGCThread "G1 Refine#0" [stack: 0x0000008712700000,0x0000008712800000] [id=38684]
  0x000001e3b05b3830 ConcurrentGCThread "G1 Young RemSet Sampling" [stack: 0x0000008712800000,0x0000008712900000] [id=24536]

Threads with active compile tasks:
C2 CompilerThread0      360  441       4       java.lang.StringUTF16::compress (50 bytes)
C1 CompilerThread0      360  468   !   3       java.lang.StringCoding::decode (362 bytes)

VM state: not at safepoint (normal execution)

VM Mutex/Monitor currently owned by a thread: None

Heap address: 0x0000000703000000, size: 4048 MB, Compressed Oops mode: Zero based, Oop shift amount: 3
CDS disabled.
Compressed class space mapped at: 0x0000000800000000-0x0000000840000000, size: 1073741824
Narrow klass base: 0x0000000800000000, Narrow klass shift: 0, Narrow klass range: 0x40000000

GC Precious Log:
 CPUs: 8 total, 8 available
 Memory: 16190M
 Large Page Support: Disabled
 NUMA Support: Disabled
 Compressed Oops: Enabled (Zero based)
 Heap Region Size: 2M
 Heap Min Capacity: 8M
 Heap Initial Capacity: 254M
 Heap Max Capacity: 4048M
 Pre-touch: Disabled
 Parallel Workers: 8
 Concurrent Workers: 2
 Concurrent Refinement Workers: 8
 Periodic GC: Disabled

Heap:
 garbage-first heap   total 260096K, used 8192K [0x0000000703000000, 0x0000000800000000)
  region size 2048K, 6 young (12288K), 0 survivors (0K)
 Metaspace       used 7383K, capacity 7446K, committed 7552K, reserved 1056768K
  class space    used 622K, capacity 628K, committed 640K, reserved 1048576K

Heap Regions: E=young(eden), S=young(survivor), O=old, HS=humongous(starts), HC=humongous(continues), CS=collection set, F=free, OA=open archive, CA=closed archive, TAMS=top-at-mark-start (previous, next)
|   0|0x0000000703000000, 0x0000000703000000, 0x0000000703200000|  0%| F|  |TAMS 0x0000000703000000, 0x0000000703000000| Untracked 
|   1|0x0000000703200000, 0x0000000703200000, 0x0000000703400000|  0%| F|  |TAMS 0x0000000703200000, 0x0000000703200000| Untracked 
|   2|0x0000000703400000, 0x0000000703400000, 0x0000000703600000|  0%| F|  |TAMS 0x0000000703400000, 0x0000000703400000| Untracked 
|   3|0x0000000703600000, 0x0000000703600000, 0x0000000703800000|  0%| F|  |TAMS 0x0000000703600000, 0x0000000703600000| Untracked 
|   4|0x0000000703800000, 0x0000000703800000, 0x0000000703a00000|  0%| F|  |TAMS 0x0000000703800000, 0x0000000703800000| Untracked 
|   5|0x0000000703a00000, 0x0000000703a00000, 0x0000000703c00000|  0%| F|  |TAMS 0x0000000703a00000, 0x0000000703a00000| Untracked 
|   6|0x0000000703c00000, 0x0000000703c00000, 0x0000000703e00000|  0%| F|  |TAMS 0x0000000703c00000, 0x0000000703c00000| Untracked 
|   7|0x0000000703e00000, 0x0000000703e00000, 0x0000000704000000|  0%| F|  |TAMS 0x0000000703e00000, 0x0000000703e00000| Untracked 
|   8|0x0000000704000000, 0x0000000704000000, 0x0000000704200000|  0%| F|  |TAMS 0x0000000704000000, 0x0000000704000000| Untracked 
|   9|0x0000000704200000, 0x0000000704200000, 0x0000000704400000|  0%| F|  |TAMS 0x0000000704200000, 0x0000000704200000| Untracked 
|  10|0x0000000704400000, 0x0000000704400000, 0x0000000704600000|  0%| F|  |TAMS 0x0000000704400000, 0x0000000704400000| Untracked 
|  11|0x0000000704600000, 0x0000000704600000, 0x0000000704800000|  0%| F|  |TAMS 0x0000000704600000, 0x0000000704600000| Untracked 
|  12|0x0000000704800000, 0x0000000704800000, 0x0000000704a00000|  0%| F|  |TAMS 0x0000000704800000, 0x0000000704800000| Untracked 
|  13|0x0000000704a00000, 0x0000000704a00000, 0x0000000704c00000|  0%| F|  |TAMS 0x0000000704a00000, 0x0000000704a00000| Untracked 
|  14|0x0000000704c00000, 0x0000000704c00000, 0x0000000704e00000|  0%| F|  |TAMS 0x0000000704c00000, 0x0000000704c00000| Untracked 
|  15|0x0000000704e00000, 0x0000000704e00000, 0x0000000705000000|  0%| F|  |TAMS 0x0000000704e00000, 0x0000000704e00000| Untracked 
|  16|0x0000000705000000, 0x0000000705000000, 0x0000000705200000|  0%| F|  |TAMS 0x0000000705000000, 0x0000000705000000| Untracked 
|  17|0x0000000705200000, 0x0000000705200000, 0x0000000705400000|  0%| F|  |TAMS 0x0000000705200000, 0x0000000705200000| Untracked 
|  18|0x0000000705400000, 0x0000000705400000, 0x0000000705600000|  0%| F|  |TAMS 0x0000000705400000, 0x0000000705400000| Untracked 
|  19|0x0000000705600000, 0x0000000705600000, 0x0000000705800000|  0%| F|  |TAMS 0x0000000705600000, 0x0000000705600000| Untracked 
|  20|0x0000000705800000, 0x0000000705800000, 0x0000000705a00000|  0%| F|  |TAMS 0x0000000705800000, 0x0000000705800000| Untracked 
|  21|0x0000000705a00000, 0x0000000705a00000, 0x0000000705c00000|  0%| F|  |TAMS 0x0000000705a00000, 0x0000000705a00000| Untracked 
|  22|0x0000000705c00000, 0x0000000705c00000, 0x0000000705e00000|  0%| F|  |TAMS 0x0000000705c00000, 0x0000000705c00000| Untracked 
|  23|0x0000000705e00000, 0x0000000705e00000, 0x0000000706000000|  0%| F|  |TAMS 0x0000000705e00000, 0x0000000705e00000| Untracked 
|  24|0x0000000706000000, 0x0000000706000000, 0x0000000706200000|  0%| F|  |TAMS 0x0000000706000000, 0x0000000706000000| Untracked 
|  25|0x0000000706200000, 0x0000000706200000, 0x0000000706400000|  0%| F|  |TAMS 0x0000000706200000, 0x0000000706200000| Untracked 
|  26|0x0000000706400000, 0x0000000706400000, 0x0000000706600000|  0%| F|  |TAMS 0x0000000706400000, 0x0000000706400000| Untracked 
|  27|0x0000000706600000, 0x0000000706600000, 0x0000000706800000|  0%| F|  |TAMS 0x0000000706600000, 0x0000000706600000| Untracked 
|  28|0x0000000706800000, 0x0000000706800000, 0x0000000706a00000|  0%| F|  |TAMS 0x0000000706800000, 0x0000000706800000| Untracked 
|  29|0x0000000706a00000, 0x0000000706a00000, 0x0000000706c00000|  0%| F|  |TAMS 0x0000000706a00000, 0x0000000706a00000| Untracked 
|  30|0x0000000706c00000, 0x0000000706c00000, 0x0000000706e00000|  0%| F|  |TAMS 0x0000000706c00000, 0x0000000706c00000| Untracked 
|  31|0x0000000706e00000, 0x0000000706e00000, 0x0000000707000000|  0%| F|  |TAMS 0x0000000706e00000, 0x0000000706e00000| Untracked 
|  32|0x0000000707000000, 0x0000000707000000, 0x0000000707200000|  0%| F|  |TAMS 0x0000000707000000, 0x0000000707000000| Untracked 
|  33|0x0000000707200000, 0x0000000707200000, 0x0000000707400000|  0%| F|  |TAMS 0x0000000707200000, 0x0000000707200000| Untracked 
|  34|0x0000000707400000, 0x0000000707400000, 0x0000000707600000|  0%| F|  |TAMS 0x0000000707400000, 0x0000000707400000| Untracked 
|  35|0x0000000707600000, 0x0000000707600000, 0x0000000707800000|  0%| F|  |TAMS 0x0000000707600000, 0x0000000707600000| Untracked 
|  36|0x0000000707800000, 0x0000000707800000, 0x0000000707a00000|  0%| F|  |TAMS 0x0000000707800000, 0x0000000707800000| Untracked 
|  37|0x0000000707a00000, 0x0000000707a00000, 0x0000000707c00000|  0%| F|  |TAMS 0x0000000707a00000, 0x0000000707a00000| Untracked 
|  38|0x0000000707c00000, 0x0000000707c00000, 0x0000000707e00000|  0%| F|  |TAMS 0x0000000707c00000, 0x0000000707c00000| Untracked 
|  39|0x0000000707e00000, 0x0000000707e00000, 0x0000000708000000|  0%| F|  |TAMS 0x0000000707e00000, 0x0000000707e00000| Untracked 
|  40|0x0000000708000000, 0x0000000708000000, 0x0000000708200000|  0%| F|  |TAMS 0x0000000708000000, 0x0000000708000000| Untracked 
|  41|0x0000000708200000, 0x0000000708200000, 0x0000000708400000|  0%| F|  |TAMS 0x0000000708200000, 0x0000000708200000| Untracked 
|  42|0x0000000708400000, 0x0000000708400000, 0x0000000708600000|  0%| F|  |TAMS 0x0000000708400000, 0x0000000708400000| Untracked 
|  43|0x0000000708600000, 0x0000000708600000, 0x0000000708800000|  0%| F|  |TAMS 0x0000000708600000, 0x0000000708600000| Untracked 
|  44|0x0000000708800000, 0x0000000708800000, 0x0000000708a00000|  0%| F|  |TAMS 0x0000000708800000, 0x0000000708800000| Untracked 
|  45|0x0000000708a00000, 0x0000000708a00000, 0x0000000708c00000|  0%| F|  |TAMS 0x0000000708a00000, 0x0000000708a00000| Untracked 
|  46|0x0000000708c00000, 0x0000000708c00000, 0x0000000708e00000|  0%| F|  |TAMS 0x0000000708c00000, 0x0000000708c00000| Untracked 
|  47|0x0000000708e00000, 0x0000000708e00000, 0x0000000709000000|  0%| F|  |TAMS 0x0000000708e00000, 0x0000000708e00000| Untracked 
|  48|0x0000000709000000, 0x0000000709000000, 0x0000000709200000|  0%| F|  |TAMS 0x0000000709000000, 0x0000000709000000| Untracked 
|  49|0x0000000709200000, 0x0000000709200000, 0x0000000709400000|  0%| F|  |TAMS 0x0000000709200000, 0x0000000709200000| Untracked 
|  50|0x0000000709400000, 0x0000000709400000, 0x0000000709600000|  0%| F|  |TAMS 0x0000000709400000, 0x0000000709400000| Untracked 
|  51|0x0000000709600000, 0x0000000709600000, 0x0000000709800000|  0%| F|  |TAMS 0x0000000709600000, 0x0000000709600000| Untracked 
|  52|0x0000000709800000, 0x0000000709800000, 0x0000000709a00000|  0%| F|  |TAMS 0x0000000709800000, 0x0000000709800000| Untracked 
|  53|0x0000000709a00000, 0x0000000709a00000, 0x0000000709c00000|  0%| F|  |TAMS 0x0000000709a00000, 0x0000000709a00000| Untracked 
|  54|0x0000000709c00000, 0x0000000709c00000, 0x0000000709e00000|  0%| F|  |TAMS 0x0000000709c00000, 0x0000000709c00000| Untracked 
|  55|0x0000000709e00000, 0x0000000709e00000, 0x000000070a000000|  0%| F|  |TAMS 0x0000000709e00000, 0x0000000709e00000| Untracked 
|  56|0x000000070a000000, 0x000000070a000000, 0x000000070a200000|  0%| F|  |TAMS 0x000000070a000000, 0x000000070a000000| Untracked 
|  57|0x000000070a200000, 0x000000070a200000, 0x000000070a400000|  0%| F|  |TAMS 0x000000070a200000, 0x000000070a200000| Untracked 
|  58|0x000000070a400000, 0x000000070a400000, 0x000000070a600000|  0%| F|  |TAMS 0x000000070a400000, 0x000000070a400000| Untracked 
|  59|0x000000070a600000, 0x000000070a600000, 0x000000070a800000|  0%| F|  |TAMS 0x000000070a600000, 0x000000070a600000| Untracked 
|  60|0x000000070a800000, 0x000000070a800000, 0x000000070aa00000|  0%| F|  |TAMS 0x000000070a800000, 0x000000070a800000| Untracked 
|  61|0x000000070aa00000, 0x000000070aa00000, 0x000000070ac00000|  0%| F|  |TAMS 0x000000070aa00000, 0x000000070aa00000| Untracked 
|  62|0x000000070ac00000, 0x000000070ac00000, 0x000000070ae00000|  0%| F|  |TAMS 0x000000070ac00000, 0x000000070ac00000| Untracked 
|  63|0x000000070ae00000, 0x000000070ae00000, 0x000000070b000000|  0%| F|  |TAMS 0x000000070ae00000, 0x000000070ae00000| Untracked 
|  64|0x000000070b000000, 0x000000070b000000, 0x000000070b200000|  0%| F|  |TAMS 0x000000070b000000, 0x000000070b000000| Untracked 
|  65|0x000000070b200000, 0x000000070b200000, 0x000000070b400000|  0%| F|  |TAMS 0x000000070b200000, 0x000000070b200000| Untracked 
|  66|0x000000070b400000, 0x000000070b400000, 0x000000070b600000|  0%| F|  |TAMS 0x000000070b400000, 0x000000070b400000| Untracked 
|  67|0x000000070b600000, 0x000000070b600000, 0x000000070b800000|  0%| F|  |TAMS 0x000000070b600000, 0x000000070b600000| Untracked 
|  68|0x000000070b800000, 0x000000070b800000, 0x000000070ba00000|  0%| F|  |TAMS 0x000000070b800000, 0x000000070b800000| Untracked 
|  69|0x000000070ba00000, 0x000000070ba00000, 0x000000070bc00000|  0%| F|  |TAMS 0x000000070ba00000, 0x000000070ba00000| Untracked 
|  70|0x000000070bc00000, 0x000000070bc00000, 0x000000070be00000|  0%| F|  |TAMS 0x000000070bc00000, 0x000000070bc00000| Untracked 
|  71|0x000000070be00000, 0x000000070be00000, 0x000000070c000000|  0%| F|  |TAMS 0x000000070be00000, 0x000000070be00000| Untracked 
|  72|0x000000070c000000, 0x000000070c000000, 0x000000070c200000|  0%| F|  |TAMS 0x000000070c000000, 0x000000070c000000| Untracked 
|  73|0x000000070c200000, 0x000000070c200000, 0x000000070c400000|  0%| F|  |TAMS 0x000000070c200000, 0x000000070c200000| Untracked 
|  74|0x000000070c400000, 0x000000070c400000, 0x000000070c600000|  0%| F|  |TAMS 0x000000070c400000, 0x000000070c400000| Untracked 
|  75|0x000000070c600000, 0x000000070c600000, 0x000000070c800000|  0%| F|  |TAMS 0x000000070c600000, 0x000000070c600000| Untracked 
|  76|0x000000070c800000, 0x000000070c800000, 0x000000070ca00000|  0%| F|  |TAMS 0x000000070c800000, 0x000000070c800000| Untracked 
|  77|0x000000070ca00000, 0x000000070ca00000, 0x000000070cc00000|  0%| F|  |TAMS 0x000000070ca00000, 0x000000070ca00000| Untracked 
|  78|0x000000070cc00000, 0x000000070cc00000, 0x000000070ce00000|  0%| F|  |TAMS 0x000000070cc00000, 0x000000070cc00000| Untracked 
|  79|0x000000070ce00000, 0x000000070ce00000, 0x000000070d000000|  0%| F|  |TAMS 0x000000070ce00000, 0x000000070ce00000| Untracked 
|  80|0x000000070d000000, 0x000000070d000000, 0x000000070d200000|  0%| F|  |TAMS 0x000000070d000000, 0x000000070d000000| Untracked 
|  81|0x000000070d200000, 0x000000070d200000, 0x000000070d400000|  0%| F|  |TAMS 0x000000070d200000, 0x000000070d200000| Untracked 
|  82|0x000000070d400000, 0x000000070d400000, 0x000000070d600000|  0%| F|  |TAMS 0x000000070d400000, 0x000000070d400000| Untracked 
|  83|0x000000070d600000, 0x000000070d600000, 0x000000070d800000|  0%| F|  |TAMS 0x000000070d600000, 0x000000070d600000| Untracked 
|  84|0x000000070d800000, 0x000000070d800000, 0x000000070da00000|  0%| F|  |TAMS 0x000000070d800000, 0x000000070d800000| Untracked 
|  85|0x000000070da00000, 0x000000070da00000, 0x000000070dc00000|  0%| F|  |TAMS 0x000000070da00000, 0x000000070da00000| Untracked 
|  86|0x000000070dc00000, 0x000000070dc00000, 0x000000070de00000|  0%| F|  |TAMS 0x000000070dc00000, 0x000000070dc00000| Untracked 
|  87|0x000000070de00000, 0x000000070de00000, 0x000000070e000000|  0%| F|  |TAMS 0x000000070de00000, 0x000000070de00000| Untracked 
|  88|0x000000070e000000, 0x000000070e000000, 0x000000070e200000|  0%| F|  |TAMS 0x000000070e000000, 0x000000070e000000| Untracked 
|  89|0x000000070e200000, 0x000000070e200000, 0x000000070e400000|  0%| F|  |TAMS 0x000000070e200000, 0x000000070e200000| Untracked 
|  90|0x000000070e400000, 0x000000070e400000, 0x000000070e600000|  0%| F|  |TAMS 0x000000070e400000, 0x000000070e400000| Untracked 
|  91|0x000000070e600000, 0x000000070e600000, 0x000000070e800000|  0%| F|  |TAMS 0x000000070e600000, 0x000000070e600000| Untracked 
|  92|0x000000070e800000, 0x000000070e800000, 0x000000070ea00000|  0%| F|  |TAMS 0x000000070e800000, 0x000000070e800000| Untracked 
|  93|0x000000070ea00000, 0x000000070ea00000, 0x000000070ec00000|  0%| F|  |TAMS 0x000000070ea00000, 0x000000070ea00000| Untracked 
|  94|0x000000070ec00000, 0x000000070ec00000, 0x000000070ee00000|  0%| F|  |TAMS 0x000000070ec00000, 0x000000070ec00000| Untracked 
|  95|0x000000070ee00000, 0x000000070ee00000, 0x000000070f000000|  0%| F|  |TAMS 0x000000070ee00000, 0x000000070ee00000| Untracked 
|  96|0x000000070f000000, 0x000000070f000000, 0x000000070f200000|  0%| F|  |TAMS 0x000000070f000000, 0x000000070f000000| Untracked 
|  97|0x000000070f200000, 0x000000070f200000, 0x000000070f400000|  0%| F|  |TAMS 0x000000070f200000, 0x000000070f200000| Untracked 
|  98|0x000000070f400000, 0x000000070f400000, 0x000000070f600000|  0%| F|  |TAMS 0x000000070f400000, 0x000000070f400000| Untracked 
|  99|0x000000070f600000, 0x000000070f600000, 0x000000070f800000|  0%| F|  |TAMS 0x000000070f600000, 0x000000070f600000| Untracked 
| 100|0x000000070f800000, 0x000000070f800000, 0x000000070fa00000|  0%| F|  |TAMS 0x000000070f800000, 0x000000070f800000| Untracked 
| 101|0x000000070fa00000, 0x000000070fa00000, 0x000000070fc00000|  0%| F|  |TAMS 0x000000070fa00000, 0x000000070fa00000| Untracked 
| 102|0x000000070fc00000, 0x000000070fc00000, 0x000000070fe00000|  0%| F|  |TAMS 0x000000070fc00000, 0x000000070fc00000| Untracked 
| 103|0x000000070fe00000, 0x000000070fe00000, 0x0000000710000000|  0%| F|  |TAMS 0x000000070fe00000, 0x000000070fe00000| Untracked 
| 104|0x0000000710000000, 0x0000000710000000, 0x0000000710200000|  0%| F|  |TAMS 0x0000000710000000, 0x0000000710000000| Untracked 
| 105|0x0000000710200000, 0x0000000710200000, 0x0000000710400000|  0%| F|  |TAMS 0x0000000710200000, 0x0000000710200000| Untracked 
| 106|0x0000000710400000, 0x0000000710400000, 0x0000000710600000|  0%| F|  |TAMS 0x0000000710400000, 0x0000000710400000| Untracked 
| 107|0x0000000710600000, 0x0000000710600000, 0x0000000710800000|  0%| F|  |TAMS 0x0000000710600000, 0x0000000710600000| Untracked 
| 108|0x0000000710800000, 0x0000000710800000, 0x0000000710a00000|  0%| F|  |TAMS 0x0000000710800000, 0x0000000710800000| Untracked 
| 109|0x0000000710a00000, 0x0000000710a00000, 0x0000000710c00000|  0%| F|  |TAMS 0x0000000710a00000, 0x0000000710a00000| Untracked 
| 110|0x0000000710c00000, 0x0000000710c00000, 0x0000000710e00000|  0%| F|  |TAMS 0x0000000710c00000, 0x0000000710c00000| Untracked 
| 111|0x0000000710e00000, 0x0000000710e00000, 0x0000000711000000|  0%| F|  |TAMS 0x0000000710e00000, 0x0000000710e00000| Untracked 
| 112|0x0000000711000000, 0x0000000711000000, 0x0000000711200000|  0%| F|  |TAMS 0x0000000711000000, 0x0000000711000000| Untracked 
| 113|0x0000000711200000, 0x0000000711200000, 0x0000000711400000|  0%| F|  |TAMS 0x0000000711200000, 0x0000000711200000| Untracked 
| 114|0x0000000711400000, 0x0000000711400000, 0x0000000711600000|  0%| F|  |TAMS 0x0000000711400000, 0x0000000711400000| Untracked 
| 115|0x0000000711600000, 0x0000000711600000, 0x0000000711800000|  0%| F|  |TAMS 0x0000000711600000, 0x0000000711600000| Untracked 
| 116|0x0000000711800000, 0x0000000711800000, 0x0000000711a00000|  0%| F|  |TAMS 0x0000000711800000, 0x0000000711800000| Untracked 
| 117|0x0000000711a00000, 0x0000000711a00000, 0x0000000711c00000|  0%| F|  |TAMS 0x0000000711a00000, 0x0000000711a00000| Untracked 
| 118|0x0000000711c00000, 0x0000000711c00000, 0x0000000711e00000|  0%| F|  |TAMS 0x0000000711c00000, 0x0000000711c00000| Untracked 
| 119|0x0000000711e00000, 0x0000000711e00000, 0x0000000712000000|  0%| F|  |TAMS 0x0000000711e00000, 0x0000000711e00000| Untracked 
| 120|0x0000000712000000, 0x0000000712000000, 0x0000000712200000|  0%| F|  |TAMS 0x0000000712000000, 0x0000000712000000| Untracked 
| 121|0x0000000712200000, 0x000000071236edb8, 0x0000000712400000| 71%| E|  |TAMS 0x0000000712200000, 0x0000000712200000| Complete 
| 122|0x0000000712400000, 0x0000000712600000, 0x0000000712600000|100%| E|CS|TAMS 0x0000000712400000, 0x0000000712400000| Complete 
| 123|0x0000000712600000, 0x0000000712800000, 0x0000000712800000|100%| E|  |TAMS 0x0000000712600000, 0x0000000712600000| Complete 
| 124|0x0000000712800000, 0x0000000712a00000, 0x0000000712a00000|100%| E|CS|TAMS 0x0000000712800000, 0x0000000712800000| Complete 
| 125|0x0000000712a00000, 0x0000000712c00000, 0x0000000712c00000|100%| E|CS|TAMS 0x0000000712a00000, 0x0000000712a00000| Complete 
| 126|0x0000000712c00000, 0x0000000712e00000, 0x0000000712e00000|100%| E|CS|TAMS 0x0000000712c00000, 0x0000000712c00000| Complete 

Card table byte_map: [0x000001e3a4e50000,0x000001e3a5640000] _byte_map_base: 0x000001e3a1638000

Marking Bits (Prev, Next): (CMBitMap*) 0x000001e391976fe0, (CMBitMap*) 0x000001e391977020
 Prev Bits: [0x000001e3a5e30000, 0x000001e3a9d70000)
 Next Bits: [0x000001e3a9d70000, 0x000001e3adcb0000)

Polling page: 0x000001e3910f0000

Metaspace:

Usage:
  Non-class:      6.78 MB capacity,     6.71 MB ( 99%) used,    75.34 KB (  1%) free+waste,     3.62 KB ( <1%) overhead. 
      Class:    660.00 KB capacity,   632.73 KB ( 96%) used,    25.95 KB (  4%) free+waste,     1.31 KB ( <1%) overhead. 
       Both:      7.43 MB capacity,     7.32 MB ( 99%) used,   101.30 KB (  1%) free+waste,     4.94 KB ( <1%) overhead. 

Virtual space:
  Non-class space:        8.00 MB reserved,       7.00 MB ( 88%) committed 
      Class space:        1.00 GB reserved,     768.00 KB ( <1%) committed 
             Both:        1.01 GB reserved,       7.75 MB ( <1%) committed 

Chunk freelists:
   Non-Class:  30.00 KB
       Class:  12.00 KB
        Both:  42.00 KB

MaxMetaspaceSize: 17179869184.00 GB
CompressedClassSpaceSize: 1.00 GB

CodeHeap 'non-profiled nmethods': size=120000Kb used=134Kb max_used=134Kb free=119865Kb
 bounds [0x000001e39ce00000, 0x000001e39d070000, 0x000001e3a4330000]
CodeHeap 'profiled nmethods': size=120000Kb used=738Kb max_used=738Kb free=119261Kb
 bounds [0x000001e3958d0000, 0x000001e395b40000, 0x000001e39ce00000]
CodeHeap 'non-nmethods': size=5760Kb used=1113Kb max_used=1129Kb free=4646Kb
 bounds [0x000001e395330000, 0x000001e3955a0000, 0x000001e3958d0000]
 total_blobs=831 nmethods=479 adapters=265
 compilation: enabled
              stopped_count=0, restarted_count=0
 full_count=0

Compilation events (20 events):
Event: 0.336 Thread 0x000001e3b0fe5c90  435       3       java.util.LinkedList$Node::<init> (20 bytes)
Event: 0.336 Thread 0x000001e3b0fe5c90 nmethod 435 0x000001e39596d410 code [0x000001e39596d5c0, 0x000001e39596d858]
Event: 0.336 Thread 0x000001e3b0fe5c90  429       3       java.util.zip.ZipCoder::normalizedHash (36 bytes)
Event: 0.336 Thread 0x000001e3b0fe5c90 nmethod 429 0x000001e39596d910 code [0x000001e39596db20, 0x000001e39596e228]
Event: 0.336 Thread 0x000001e3b0fe5c90  430       3       java.util.ArrayDeque::add (7 bytes)
Event: 0.336 Thread 0x000001e3b0fe5c90 nmethod 430 0x000001e39596e510 code [0x000001e39596e6c0, 0x000001e39596e808]
Event: 0.336 Thread 0x000001e3b0fe2520  436       4       sun.nio.fs.WindowsPathParser::isInvalidPathChar (22 bytes)
Event: 0.337 Thread 0x000001e3b0fe5c90  437       3       java.lang.ref.WeakReference::<init> (7 bytes)
Event: 0.337 Thread 0x000001e3b0fe5c90 nmethod 437 0x000001e39596e890 code [0x000001e39596ea40, 0x000001e39596ed18]
Event: 0.338 Thread 0x000001e3b0fe2520 nmethod 436 0x000001e39ce1f990 code [0x000001e39ce1fb00, 0x000001e39ce1fc18]
Event: 0.340 Thread 0x000001e3b1230c00  438       4       java.util.HashMap::afterNodeInsertion (1 bytes)
Event: 0.340 Thread 0x000001e3b0fe5c90  439       3       java.io.BufferedReader::readLine (6 bytes)
Event: 0.340 Thread 0x000001e3b0fe5c90 nmethod 439 0x000001e39596ee10 code [0x000001e39596efc0, 0x000001e39596f108]
Event: 0.340 Thread 0x000001e3b0fe5c90  440       3       jdk.internal.util.jar.JarIndex::addMapping (21 bytes)
Event: 0.340 Thread 0x000001e3b1230c00 nmethod 438 0x000001e39ce1fd10 code [0x000001e39ce1fe80, 0x000001e39ce1fed8]
Event: 0.340 Thread 0x000001e3b0fe2520  441       4       java.lang.StringUTF16::compress (50 bytes)
Event: 0.340 Thread 0x000001e3b0fe5c90 nmethod 440 0x000001e39596f190 code [0x000001e39596f340, 0x000001e39596f4d8]
Event: 0.341 Thread 0x000001e3b0fe5c90  442       3       jdk.internal.misc.Unsafe::getLong (7 bytes)
Event: 0.341 Thread 0x000001e3b0fe5c90 nmethod 442 0x000001e39596f590 code [0x000001e39596f720, 0x000001e39596f838]
Event: 0.342 Thread 0x000001e3b0fe5c90  444   !   3       jdk.internal.loader.URLClassPath$JarLoader::getResource (65 bytes)

GC Heap History (0 events):
No events

Deoptimization events (12 events):
Event: 0.140 Thread 0x000001e391925a40 Uncommon trap: trap_request=0xffffff45 fr.pc=0x000001e39ce0141c relative=0x000000000000007c
Event: 0.140 Thread 0x000001e391925a40 Uncommon trap: reason=unstable_if action=reinterpret pc=0x000001e39ce0141c method=java.lang.String.isLatin1()Z @ 10 c2
Event: 0.140 Thread 0x000001e391925a40 DEOPT PACKING pc=0x000001e39ce0141c sp=0x00000087123ff230
Event: 0.140 Thread 0x000001e391925a40 DEOPT UNPACKING pc=0x000001e39537e42f sp=0x00000087123ff170 mode 2
Event: 0.141 Thread 0x000001e391925a40 Uncommon trap: trap_request=0xffffff45 fr.pc=0x000001e39ce0532c relative=0x000000000000020c
Event: 0.141 Thread 0x000001e391925a40 Uncommon trap: reason=unstable_if action=reinterpret pc=0x000001e39ce0532c method=java.lang.String.hashCode()I @ 42 c2
Event: 0.141 Thread 0x000001e391925a40 DEOPT PACKING pc=0x000001e39ce0532c sp=0x00000087123fdb10
Event: 0.141 Thread 0x000001e391925a40 DEOPT UNPACKING pc=0x000001e39537e42f sp=0x00000087123fdaa8 mode 2
Event: 0.293 Thread 0x000001e391925a40 Uncommon trap: trap_request=0xffffff45 fr.pc=0x000001e39ce11ae0 relative=0x00000000000001c0
Event: 0.293 Thread 0x000001e391925a40 Uncommon trap: reason=unstable_if action=reinterpret pc=0x000001e39ce11ae0 method=java.lang.String.startsWith(Ljava/lang/String;I)Z @ 1 c2
Event: 0.293 Thread 0x000001e391925a40 DEOPT PACKING pc=0x000001e39ce11ae0 sp=0x00000087123feb00
Event: 0.293 Thread 0x000001e391925a40 DEOPT UNPACKING pc=0x000001e39537e42f sp=0x00000087123fea68 mode 2

Classes unloaded (0 events):
No events

Classes redefined (0 events):
No events

Internal exceptions (1 events):
Event: 0.278 Thread 0x000001e391925a40 Exception <a 'java/lang/NoSuchMethodError'{0x0000000712b115c0}: 'void java.lang.invoke.DirectMethodHandle$Holder.invokeSpecial(java.lang.Object, java.lang.Object, java.lang.Object)'> (0x0000000712b115c0) 
thrown [./open/src/hotspot/share/interpreter/linkResolver.cpp, line 782]

Events (20 events):
Event: 0.299 loading class java/util/TreeSet
Event: 0.299 loading class java/util/NavigableSet
Event: 0.299 loading class java/util/SortedSet
Event: 0.299 loading class java/util/SortedSet done
Event: 0.299 loading class java/util/NavigableSet done
Event: 0.299 loading class java/util/TreeSet done
Event: 0.299 loading class java/util/TreeMap
Event: 0.299 loading class java/util/NavigableMap
Event: 0.299 loading class java/util/SortedMap
Event: 0.299 loading class java/util/SortedMap done
Event: 0.299 loading class java/util/NavigableMap done
Event: 0.300 loading class java/util/TreeMap done
Event: 0.300 loading class java/util/TreeMap$Entry
Event: 0.300 loading class java/util/TreeMap$Entry done
Event: 0.300 loading class java/util/TreeMap$KeySet
Event: 0.300 loading class java/util/TreeMap$KeySet done
Event: 0.300 loading class java/util/TreeMap$KeyIterator
Event: 0.300 loading class java/util/TreeMap$PrivateEntryIterator
Event: 0.300 loading class java/util/TreeMap$PrivateEntryIterator done
Event: 0.300 loading class java/util/TreeMap$KeyIterator done


Dynamic libraries:
0x00007ff744220000 - 0x00007ff74422d000 	C:\Users\User\.p2\pool\plugins\org.eclipse.justj.openjdk.hotspot.jre.full.win32.x86_64_15.0.2.v20210201-0955\jre\bin\javaw.exe
0x00007ff98ebd0000 - 0x00007ff98edc5000 	C:\Windows\SYSTEM32\ntdll.dll
0x00007ff98d0f0000 - 0x00007ff98d1ad000 	C:\Windows\System32\KERNEL32.DLL
0x00007ff98c420000 - 0x00007ff98c6e9000 	C:\Windows\System32\KERNELBASE.dll
0x00007ff98c720000 - 0x00007ff98c820000 	C:\Windows\System32\ucrtbase.dll
0x00007ff9893a0000 - 0x00007ff9893b8000 	C:\Users\User\.p2\pool\plugins\org.eclipse.justj.openjdk.hotspot.jre.full.win32.x86_64_15.0.2.v20210201-0955\jre\bin\jli.dll
0x00007ff989380000 - 0x00007ff989399000 	C:\Users\User\.p2\pool\plugins\org.eclipse.justj.openjdk.hotspot.jre.full.win32.x86_64_15.0.2.v20210201-0955\jre\bin\VCRUNTIME140.dll
0x00007ff98e840000 - 0x00007ff98e9e0000 	C:\Windows\System32\USER32.dll
0x00007ff98c920000 - 0x00007ff98c942000 	C:\Windows\System32\win32u.dll
0x00007ff976e50000 - 0x00007ff9770ea000 	C:\Windows\WinSxS\amd64_microsoft.windows.common-controls_6595b64144ccf1df_6.0.19041.844_none_ca00b6081b84eb1d\COMCTL32.dll
0x00007ff98e170000 - 0x00007ff98e19a000 	C:\Windows\System32\GDI32.dll
0x00007ff98d3a0000 - 0x00007ff98d43e000 	C:\Windows\System32\msvcrt.dll
0x00007ff98c310000 - 0x00007ff98c41b000 	C:\Windows\System32\gdi32full.dll
0x00007ff98c9b0000 - 0x00007ff98ca4d000 	C:\Windows\System32\msvcp_win.dll
0x00007ff98d0c0000 - 0x00007ff98d0f0000 	C:\Windows\System32\IMM32.DLL
0x00007ff989370000 - 0x00007ff98937c000 	C:\Users\User\.p2\pool\plugins\org.eclipse.justj.openjdk.hotspot.jre.full.win32.x86_64_15.0.2.v20210201-0955\jre\bin\vcruntime140_1.dll
0x00007ff9868e0000 - 0x00007ff986971000 	C:\Users\User\.p2\pool\plugins\org.eclipse.justj.openjdk.hotspot.jre.full.win32.x86_64_15.0.2.v20210201-0955\jre\bin\msvcp140.dll
0x00007ff8fd970000 - 0x00007ff8fe4ce000 	C:\Users\User\.p2\pool\plugins\org.eclipse.justj.openjdk.hotspot.jre.full.win32.x86_64_15.0.2.v20210201-0955\jre\bin\server\jvm.dll
0x00007ff98e0c0000 - 0x00007ff98e16c000 	C:\Windows\System32\ADVAPI32.dll
0x00007ff98d440000 - 0x00007ff98d4dc000 	C:\Windows\System32\sechost.dll
0x00007ff98cdd0000 - 0x00007ff98cefb000 	C:\Windows\System32\RPCRT4.dll
0x00007ff98dca0000 - 0x00007ff98dca8000 	C:\Windows\System32\PSAPI.DLL
0x00007ff950d90000 - 0x00007ff950d99000 	C:\Windows\SYSTEM32\WSOCK32.dll
0x00007ff97d550000 - 0x00007ff97d55a000 	C:\Windows\SYSTEM32\VERSION.dll
0x00007ff9647a0000 - 0x00007ff9647c7000 	C:\Windows\SYSTEM32\WINMM.dll
0x00007ff98cd60000 - 0x00007ff98cdcb000 	C:\Windows\System32\WS2_32.dll
0x00007ff98abf0000 - 0x00007ff98ac02000 	C:\Windows\SYSTEM32\kernel.appcore.dll
0x00007ff984210000 - 0x00007ff98421a000 	C:\Users\User\.p2\pool\plugins\org.eclipse.justj.openjdk.hotspot.jre.full.win32.x86_64_15.0.2.v20210201-0955\jre\bin\jimage.dll
0x00007ff98a170000 - 0x00007ff98a354000 	C:\Windows\SYSTEM32\DBGHELP.DLL
0x00007ff96fcd0000 - 0x00007ff96fcfc000 	C:\Windows\SYSTEM32\dbgcore.DLL
0x00007ff98cbb0000 - 0x00007ff98cc30000 	C:\Windows\System32\bcryptPrimitives.dll
0x00007ff967e40000 - 0x00007ff967e65000 	C:\Users\User\.p2\pool\plugins\org.eclipse.justj.openjdk.hotspot.jre.full.win32.x86_64_15.0.2.v20210201-0955\jre\bin\java.dll
0x00007ff968010000 - 0x00007ff968028000 	C:\Users\User\.p2\pool\plugins\org.eclipse.justj.openjdk.hotspot.jre.full.win32.x86_64_15.0.2.v20210201-0955\jre\bin\zip.dll
0x00007ff98d540000 - 0x00007ff98dc82000 	C:\Windows\System32\SHELL32.dll
0x00007ff98a450000 - 0x00007ff98abe0000 	C:\Windows\SYSTEM32\windows.storage.dll
0x00007ff98dd60000 - 0x00007ff98e0b5000 	C:\Windows\System32\combase.dll
0x00007ff98bd00000 - 0x00007ff98bd2c000 	C:\Windows\SYSTEM32\Wldp.dll
0x00007ff98d2f0000 - 0x00007ff98d39e000 	C:\Windows\System32\SHCORE.dll
0x00007ff98ead0000 - 0x00007ff98eb25000 	C:\Windows\System32\shlwapi.dll
0x00007ff98c250000 - 0x00007ff98c26f000 	C:\Windows\SYSTEM32\profapi.dll
0x00007ff967e20000 - 0x00007ff967e39000 	C:\Users\User\.p2\pool\plugins\org.eclipse.justj.openjdk.hotspot.jre.full.win32.x86_64_15.0.2.v20210201-0955\jre\bin\net.dll
0x00007ff976b50000 - 0x00007ff976c5c000 	C:\Windows\SYSTEM32\WINHTTP.dll
0x00007ff98ba30000 - 0x00007ff98ba9a000 	C:\Windows\system32\mswsock.dll
0x00007ff967e00000 - 0x00007ff967e12000 	C:\Users\User\.p2\pool\plugins\org.eclipse.justj.openjdk.hotspot.jre.full.win32.x86_64_15.0.2.v20210201-0955\jre\bin\nio.dll

dbghelp: loaded successfully - version: 4.0.5 - missing functions: none
symbol engine: initialized successfully - sym options: 0x614 - pdb path: .;C:\Users\User\.p2\pool\plugins\org.eclipse.justj.openjdk.hotspot.jre.full.win32.x86_64_15.0.2.v20210201-0955\jre\bin;C:\Windows\SYSTEM32;C:\Windows\WinSxS\amd64_microsoft.windows.common-controls_6595b64144ccf1df_6.0.19041.844_none_ca00b6081b84eb1d;C:\Users\User\.p2\pool\plugins\org.eclipse.justj.openjdk.hotspot.jre.full.win32.x86_64_15.0.2.v20210201-0955\jre\bin\server

VM Arguments:
jvm_args: -ea -Dfile.encoding=Cp1252 -XX:+ShowCodeDetailsInExceptionMessages 
java_command: org.testng.remote.RemoteTestNG -serport 49588 -protocol json -d D:\Eclipse-WorkSpace\eclipse-workspace\IEQACode\test-output C:\Users\User\AppData\Local\Temp\testng-eclipse-1335541844\testng-customsuite.xml
java_class_path (initial): D:\Program Files\Java-2020-12\eclipse\configuration\org.eclipse.osgi\443\0\.cp\lib\testng-remote.jar;D:\Eclipse-WorkSpace\eclipse-workspace\IEQACode\target\test-classes;D:\Eclipse-WorkSpace\eclipse-workspace\IEQACode\target\classes;C:\Users\User\.p2\pool\plugins\org.testng_7.3.0.r202008060316.jar;C:\Users\User\.p2\pool\plugins\com.beust.jcommander_1.78.0.jar;C:\Users\User\.p2\pool\plugins\org.apache-extras.beanshell.bsh_2.0.0.b6.jar;C:\Users\User\.p2\pool\plugins\org.yaml.snakeyaml_1.21.0.jar;D:\Softwares Setup Files\Rest_Assured\commons-codec-1.9.jar;D:\Softwares Setup Files\Rest_Assured\commons-lang3-3.4.jar;D:\Softwares Setup Files\Rest_Assured\commons-logging-1.2.jar;D:\Softwares Setup Files\Rest_Assured\groovy-3.0.3.jar;D:\Softwares Setup Files\Rest_Assured\groovy-json-3.0.3.jar;D:\Softwares Setup Files\Rest_Assured\groovy-xml-3.0.3.jar;D:\Softwares Setup Files\Rest_Assured\hamcrest-2.1.jar;D:\Softwares Setup Files\Rest_Assured\httpclient-4.5.3.jar;D:\Softwares Setup Files\Rest_Assured\httpcore-4.4.6.jar;D:\Softwares Setup Files\Rest_Assured\httpmime-4.5.3.jar;D:\Softwares Setup Files\Rest_Assured\jakarta.activation-api-1.2.2.jar;D:\Softwares Setup Files\Rest_Assured\jakarta.xml.bind-api-2.3.3.jar;D:\Softwares Setup Files\Rest_Assured\jaxb-impl-2.3.3.jar;D:\Softwares Setup Files\Rest_Assured\json-path-4.3.1.jar;D:\Softwares Setup Files\Rest_Assured\rest-assured-4.3.1.jar;D:\Softwares Setup Files\Rest_Assured\rest-assured-common-4.3.1.jar;D:\Softwares Setup Files\Rest_Assured\tagsoup-1.2.1.jar;D:\Softwares Setup Files\Rest_Assured\xml-path-4.3.1.jar;C:\Users\User\.m2\repository\junit\junit\4.11\junit-4.11.jar;C:\Users\User\.m2\repository\org\hamcrest\hamcrest-core\1.3\hamcrest-core-1.3.jar;C:\Users\User\.m2\repository\org\seleniumhq\selenium\selenium-java\3.141.59\selenium-java-3.141.59.jar;C:\Users\User\.m2\repository\org\seleniumhq\selenium\selenium-api\3.141.59\selenium-api-3.141.59.jar;C:\Users\User\.m2\repository\org\seleniumhq\
Launcher Type: SUN_STANDARD

[Global flags]
     intx CICompilerCount                          = 4                                         {product} {ergonomic}
     uint ConcGCThreads                            = 2                                         {product} {ergonomic}
     uint G1ConcRefinementThreads                  = 8                                         {product} {ergonomic}
   size_t G1HeapRegionSize                         = 2097152                                   {product} {ergonomic}
    uintx GCDrainStackTargetSize                   = 64                                        {product} {ergonomic}
   size_t InitialHeapSize                          = 266338304                                 {product} {ergonomic}
   size_t MarkStackSize                            = 4194304                                   {product} {ergonomic}
   size_t MaxHeapSize                              = 4244635648                                {product} {ergonomic}
   size_t MaxNewSize                               = 2545942528                                {product} {ergonomic}
   size_t MinHeapDeltaBytes                        = 2097152                                   {product} {ergonomic}
   size_t MinHeapSize                              = 8388608                                   {product} {ergonomic}
    uintx NonNMethodCodeHeapSize                   = 5839372                                {pd product} {ergonomic}
    uintx NonProfiledCodeHeapSize                  = 122909434                              {pd product} {ergonomic}
    uintx ProfiledCodeHeapSize                     = 122909434                              {pd product} {ergonomic}
    uintx ReservedCodeCacheSize                    = 251658240                              {pd product} {ergonomic}
     bool SegmentedCodeCache                       = true                                      {product} {ergonomic}
     bool ShowCodeDetailsInExceptionMessages       = true                                   {manageable} {command line}
   size_t SoftMaxHeapSize                          = 4244635648                             {manageable} {ergonomic}
     bool UseCompressedClassPointers               = true                                 {lp64_product} {ergonomic}
     bool UseCompressedOops                        = true                                 {lp64_product} {ergonomic}
     bool UseG1GC                                  = true                                      {product} {ergonomic}
     bool UseLargePagesIndividualAllocation        = false                                  {pd product} {ergonomic}

Logging:
Log output configuration:
 #0: stdout all=warning uptime,level,tags
 #1: stderr all=off uptime,level,tags

Environment Variables:
PATH=C:/Users/User/.p2/pool/plugins/org.eclipse.justj.openjdk.hotspot.jre.full.win32.x86_64_15.0.2.v20210201-0955/jre/bin/server;C:/Users/User/.p2/pool/plugins/org.eclipse.justj.openjdk.hotspot.jre.full.win32.x86_64_15.0.2.v20210201-0955/jre/bin;C:\Program Files (x86)\Common Files\Oracle\Java\javapath;C:\Windows\system32;C:\Windows;C:\Windows\System32\Wbem;C:\Windows\System32\WindowsPowerShell\v1.0\;C:\Windows\System32\OpenSSH\;C:\Program Files\Git\cmd;C:\Program Files\Microsoft SQL Server\Client SDK\ODBC\110\Tools\Binn\;C:\Program Files (x86)\Microsoft SQL Server\120\Tools\Binn\ManagementStudio\;C:\Program Files (x86)\Microsoft SQL Server\120\Tools\Binn\;C:\Program Files\Microsoft SQL Server\120\Tools\Binn\;C:\Program Files (x86)\Microsoft SQL Server\120\DTS\Binn\;C:\Program Files\Microsoft SQL Server\120\DTS\Binn\;C:\Users\User\AppData\Local\Microsoft\WindowsApps;;D:\Program Files\Microsoft VS Code\bin;C:\Users\User\AppData\Local\Programs\Fiddler;C:\Users\User\Desktop;
USERNAME=User
OS=Windows_NT
PROCESSOR_IDENTIFIER=Intel64 Family 6 Model 142 Stepping 12, GenuineIntel



---------------  S Y S T E M  ---------------

OS:
 Windows 10 , 64 bit Build 19041 (10.0.19041.804)
OS uptime: 58 days 16:11 hours

CPU: total 8 (initial active 8) (4 cores per cpu, 2 threads per core) family 6 model 142 stepping 12 microcode 0xde, cmov, cx8, fxsr, mmx, sse, sse2, sse3, ssse3, sse4.1, sse4.2, popcnt, vzeroupper, avx, avx2, aes, clmul, erms, 3dnowpref, lzcnt, ht, tsc, tscinvbit, bmi1, bmi2, adx, fma, clflush, clflushopt

Memory: 4k page, system-wide physical 16190M (3922M free)
TotalPageFile size 41111M (AvailPageFile size 0M)
current process WorkingSet (physical memory assigned to process): 53M, peak: 53M
current process commit charge ("private bytes"): 345M, peak: 345M

vm_info: OpenJDK 64-Bit Server VM (15.0.2+7-27) for windows-amd64 JRE (15.0.2+7-27), built on Dec  7 2020 20:02:38 by "mach5one" with unknown MS VC++:1925

END.
